{"/Users/keshav/csvhub/core/server/column.ts": {"path":"/Users/keshav/csvhub/core/server/column.ts","statementMap":{"0":{"start":{"line":3,"column":0},"end":{"line":3,"column":null}},"1":{"start":{"line":34,"column":8},"end":{"line":34,"column":null}},"2":{"start":{"line":35,"column":8},"end":{"line":35,"column":null}},"3":{"start":{"line":36,"column":8},"end":{"line":36,"column":null}},"4":{"start":{"line":39,"column":8},"end":{"line":39,"column":null}},"5":{"start":{"line":40,"column":8},"end":{"line":40,"column":null}},"6":{"start":{"line":42,"column":8},"end":{"line":42,"column":null}},"7":{"start":{"line":43,"column":8},"end":{"line":43,"column":null}},"8":{"start":{"line":52,"column":8},"end":{"line":62,"column":9}},"9":{"start":{"line":53,"column":12},"end":{"line":53,"column":null}},"10":{"start":{"line":56,"column":12},"end":{"line":60,"column":null}},"11":{"start":{"line":57,"column":16},"end":{"line":57,"column":null}},"12":{"start":{"line":59,"column":17},"end":{"line":60,"column":null}},"13":{"start":{"line":60,"column":16},"end":{"line":60,"column":null}},"14":{"start":{"line":61,"column":12},"end":{"line":61,"column":null}},"15":{"start":{"line":66,"column":8},"end":{"line":67,"column":null}},"16":{"start":{"line":67,"column":12},"end":{"line":67,"column":null}},"17":{"start":{"line":69,"column":8},"end":{"line":75,"column":9}},"18":{"start":{"line":70,"column":12},"end":{"line":70,"column":null}},"19":{"start":{"line":74,"column":12},"end":{"line":74,"column":null}},"20":{"start":{"line":79,"column":8},"end":{"line":80,"column":null}},"21":{"start":{"line":80,"column":12},"end":{"line":80,"column":null}},"22":{"start":{"line":81,"column":8},"end":{"line":87,"column":9}},"23":{"start":{"line":82,"column":12},"end":{"line":82,"column":null}},"24":{"start":{"line":86,"column":12},"end":{"line":86,"column":null}},"25":{"start":{"line":91,"column":8},"end":{"line":91,"column":null}},"26":{"start":{"line":95,"column":8},"end":{"line":95,"column":null}},"27":{"start":{"line":99,"column":31},"end":{"line":99,"column":33}},"28":{"start":{"line":100,"column":8},"end":{"line":100,"column":null}},"29":{"start":{"line":101,"column":8},"end":{"line":101,"column":null}},"30":{"start":{"line":102,"column":8},"end":{"line":102,"column":null}},"31":{"start":{"line":103,"column":8},"end":{"line":103,"column":null}},"32":{"start":{"line":107,"column":8},"end":{"line":107,"column":null}},"33":{"start":{"line":111,"column":33},"end":{"line":111,"column":118}},"34":{"start":{"line":112,"column":8},"end":{"line":113,"column":null}},"35":{"start":{"line":113,"column":12},"end":{"line":113,"column":null}},"36":{"start":{"line":114,"column":8},"end":{"line":115,"column":null}},"37":{"start":{"line":115,"column":12},"end":{"line":115,"column":null}},"38":{"start":{"line":116,"column":8},"end":{"line":116,"column":null}},"39":{"start":{"line":19,"column":0},"end":{"line":19,"column":13}}},"fnMap":{"0":{"name":"(anonymous_0)","decl":{"start":{"line":33,"column":4},"end":{"line":33,"column":16}},"loc":{"start":{"line":33,"column":60},"end":{"line":44,"column":5}}},"1":{"name":"(anonymous_1)","decl":{"start":{"line":51,"column":4},"end":{"line":51,"column":14}},"loc":{"start":{"line":51,"column":28},"end":{"line":63,"column":5}}},"2":{"name":"(anonymous_2)","decl":{"start":{"line":65,"column":4},"end":{"line":65,"column":14}},"loc":{"start":{"line":65,"column":37},"end":{"line":76,"column":5}}},"3":{"name":"(anonymous_3)","decl":{"start":{"line":78,"column":4},"end":{"line":78,"column":16}},"loc":{"start":{"line":78,"column":27},"end":{"line":88,"column":5}}},"4":{"name":"(anonymous_4)","decl":{"start":{"line":90,"column":4},"end":{"line":90,"column":11}},"loc":{"start":{"line":90,"column":11},"end":{"line":92,"column":5}}},"5":{"name":"(anonymous_5)","decl":{"start":{"line":94,"column":4},"end":{"line":94,"column":17}},"loc":{"start":{"line":94,"column":17},"end":{"line":96,"column":5}}},"6":{"name":"(anonymous_6)","decl":{"start":{"line":98,"column":4},"end":{"line":98,"column":21}},"loc":{"start":{"line":98,"column":21},"end":{"line":104,"column":5}}},"7":{"name":"(anonymous_7)","decl":{"start":{"line":106,"column":4},"end":{"line":106,"column":14}},"loc":{"start":{"line":106,"column":14},"end":{"line":108,"column":5}}},"8":{"name":"(anonymous_8)","decl":{"start":{"line":110,"column":4},"end":{"line":110,"column":22}},"loc":{"start":{"line":110,"column":22},"end":{"line":117,"column":5}}}},"branchMap":{"0":{"loc":{"start":{"line":36,"column":19},"end":{"line":36,"column":49}},"type":"binary-expr","locations":[{"start":{"line":36,"column":19},"end":{"line":36,"column":22}},{"start":{"line":36,"column":27},"end":{"line":36,"column":49}}]},"1":{"loc":{"start":{"line":56,"column":12},"end":{"line":60,"column":null}},"type":"if","locations":[{"start":{"line":56,"column":12},"end":{"line":60,"column":null}},{"start":{"line":59,"column":17},"end":{"line":60,"column":null}}]},"2":{"loc":{"start":{"line":59,"column":17},"end":{"line":60,"column":null}},"type":"if","locations":[{"start":{"line":59,"column":17},"end":{"line":60,"column":null}}]},"3":{"loc":{"start":{"line":66,"column":8},"end":{"line":67,"column":null}},"type":"if","locations":[{"start":{"line":66,"column":8},"end":{"line":67,"column":null}}]},"4":{"loc":{"start":{"line":79,"column":8},"end":{"line":80,"column":null}},"type":"if","locations":[{"start":{"line":79,"column":8},"end":{"line":80,"column":null}}]},"5":{"loc":{"start":{"line":112,"column":8},"end":{"line":113,"column":null}},"type":"if","locations":[{"start":{"line":112,"column":8},"end":{"line":113,"column":null}}]},"6":{"loc":{"start":{"line":114,"column":8},"end":{"line":115,"column":null}},"type":"if","locations":[{"start":{"line":114,"column":8},"end":{"line":115,"column":null}}]}},"s":{"0":13,"1":37,"2":37,"3":37,"4":37,"5":37,"6":37,"7":37,"8":3,"9":3,"10":2,"11":1,"12":1,"13":0,"14":1,"15":0,"16":0,"17":0,"18":0,"19":0,"20":0,"21":0,"22":0,"23":0,"24":0,"25":0,"26":6,"27":25,"28":25,"29":25,"30":25,"31":25,"32":0,"33":0,"34":0,"35":0,"36":0,"37":0,"38":0,"39":13},"f":{"0":37,"1":3,"2":0,"3":0,"4":0,"5":6,"6":25,"7":0,"8":0},"b":{"0":[37,18],"1":[1,1],"2":[0],"3":[0],"4":[0],"5":[0],"6":[0]}}
,"/Users/keshav/csvhub/core/server/database.ts": {"path":"/Users/keshav/csvhub/core/server/database.ts","statementMap":{"0":{"start":{"line":4,"column":0},"end":{"line":4,"column":67}},"1":{"start":{"line":7,"column":0},"end":{"line":7,"column":null}},"2":{"start":{"line":10,"column":0},"end":{"line":10,"column":null}},"3":{"start":{"line":32,"column":53},"end":{"line":32,"column":66}},"4":{"start":{"line":33,"column":49},"end":{"line":33,"column":58}},"5":{"start":{"line":34,"column":37},"end":{"line":34,"column":39}},"6":{"start":{"line":46,"column":8},"end":{"line":46,"column":null}},"7":{"start":{"line":47,"column":8},"end":{"line":47,"column":null}},"8":{"start":{"line":55,"column":8},"end":{"line":55,"column":null}},"9":{"start":{"line":63,"column":8},"end":{"line":63,"column":null}},"10":{"start":{"line":67,"column":8},"end":{"line":67,"column":null}},"11":{"start":{"line":71,"column":8},"end":{"line":71,"column":null}},"12":{"start":{"line":75,"column":8},"end":{"line":75,"column":null}},"13":{"start":{"line":85,"column":25},"end":{"line":85,"column":74}},"14":{"start":{"line":86,"column":8},"end":{"line":87,"column":null}},"15":{"start":{"line":87,"column":12},"end":{"line":87,"column":null}},"16":{"start":{"line":90,"column":22},"end":{"line":90,"column":65}},"17":{"start":{"line":93,"column":8},"end":{"line":99,"column":9}},"18":{"start":{"line":94,"column":24},"end":{"line":94,"column":41}},"19":{"start":{"line":95,"column":12},"end":{"line":98,"column":null}},"20":{"start":{"line":96,"column":16},"end":{"line":96,"column":null}},"21":{"start":{"line":98,"column":16},"end":{"line":98,"column":null}},"22":{"start":{"line":101,"column":8},"end":{"line":101,"column":null}},"23":{"start":{"line":105,"column":8},"end":{"line":105,"column":null}},"24":{"start":{"line":116,"column":8},"end":{"line":119,"column":9}},"25":{"start":{"line":117,"column":29},"end":{"line":117,"column":61}},"26":{"start":{"line":118,"column":12},"end":{"line":118,"column":null}},"27":{"start":{"line":121,"column":8},"end":{"line":121,"column":null}},"28":{"start":{"line":133,"column":8},"end":{"line":133,"column":null}},"29":{"start":{"line":137,"column":8},"end":{"line":137,"column":null}},"30":{"start":{"line":141,"column":8},"end":{"line":141,"column":null}},"31":{"start":{"line":141,"column":19},"end":{"line":141,"column":null}},"32":{"start":{"line":142,"column":8},"end":{"line":148,"column":9}},"33":{"start":{"line":144,"column":12},"end":{"line":147,"column":null}},"34":{"start":{"line":145,"column":16},"end":{"line":145,"column":null}},"35":{"start":{"line":147,"column":17},"end":{"line":147,"column":null}},"36":{"start":{"line":149,"column":8},"end":{"line":149,"column":null}},"37":{"start":{"line":153,"column":8},"end":{"line":163,"column":null}},"38":{"start":{"line":154,"column":29},"end":{"line":154,"column":61}},"39":{"start":{"line":156,"column":12},"end":{"line":157,"column":null}},"40":{"start":{"line":157,"column":16},"end":{"line":157,"column":null}},"41":{"start":{"line":158,"column":12},"end":{"line":158,"column":null}},"42":{"start":{"line":160,"column":13},"end":{"line":163,"column":null}},"43":{"start":{"line":161,"column":12},"end":{"line":161,"column":null}},"44":{"start":{"line":163,"column":13},"end":{"line":163,"column":null}},"45":{"start":{"line":179,"column":19},"end":{"line":179,"column":23}},"46":{"start":{"line":180,"column":8},"end":{"line":182,"column":null}},"47":{"start":{"line":181,"column":12},"end":{"line":181,"column":null}},"48":{"start":{"line":181,"column":42},"end":{"line":181,"column":79}},"49":{"start":{"line":186,"column":19},"end":{"line":186,"column":23}},"50":{"start":{"line":187,"column":8},"end":{"line":189,"column":null}},"51":{"start":{"line":188,"column":12},"end":{"line":188,"column":null}},"52":{"start":{"line":188,"column":58},"end":{"line":188,"column":105}},"53":{"start":{"line":197,"column":26},"end":{"line":197,"column":55}},"54":{"start":{"line":198,"column":8},"end":{"line":204,"column":9}},"55":{"start":{"line":202,"column":12},"end":{"line":202,"column":null}},"56":{"start":{"line":203,"column":12},"end":{"line":203,"column":null}},"57":{"start":{"line":206,"column":8},"end":{"line":212,"column":9}},"58":{"start":{"line":207,"column":26},"end":{"line":207,"column":53}},"59":{"start":{"line":208,"column":12},"end":{"line":208,"column":null}},"60":{"start":{"line":209,"column":12},"end":{"line":209,"column":null}},"61":{"start":{"line":210,"column":12},"end":{"line":210,"column":null}},"62":{"start":{"line":211,"column":12},"end":{"line":211,"column":null}},"63":{"start":{"line":214,"column":22},"end":{"line":214,"column":56}},"64":{"start":{"line":215,"column":8},"end":{"line":215,"column":null}},"65":{"start":{"line":217,"column":8},"end":{"line":217,"column":null}},"66":{"start":{"line":218,"column":8},"end":{"line":218,"column":null}},"67":{"start":{"line":219,"column":8},"end":{"line":219,"column":null}},"68":{"start":{"line":221,"column":8},"end":{"line":221,"column":null}},"69":{"start":{"line":233,"column":28},"end":{"line":233,"column":58}},"70":{"start":{"line":234,"column":8},"end":{"line":235,"column":null}},"71":{"start":{"line":235,"column":12},"end":{"line":235,"column":null}},"72":{"start":{"line":238,"column":8},"end":{"line":238,"column":null}},"73":{"start":{"line":253,"column":8},"end":{"line":253,"column":null}},"74":{"start":{"line":261,"column":8},"end":{"line":261,"column":null}},"75":{"start":{"line":265,"column":8},"end":{"line":275,"column":9}},"76":{"start":{"line":266,"column":27},"end":{"line":269,"column":14}},"77":{"start":{"line":270,"column":25},"end":{"line":270,"column":44}},"78":{"start":{"line":271,"column":12},"end":{"line":271,"column":null}},"79":{"start":{"line":274,"column":12},"end":{"line":274,"column":null}},"80":{"start":{"line":26,"column":0},"end":{"line":26,"column":13}}},"fnMap":{"0":{"name":"(anonymous_0)","decl":{"start":{"line":45,"column":4},"end":{"line":45,"column":16}},"loc":{"start":{"line":45,"column":42},"end":{"line":48,"column":5}}},"1":{"name":"(anonymous_1)","decl":{"start":{"line":54,"column":4},"end":{"line":54,"column":10}},"loc":{"start":{"line":54,"column":44},"end":{"line":56,"column":5}}},"2":{"name":"(anonymous_2)","decl":{"start":{"line":62,"column":4},"end":{"line":62,"column":9}},"loc":{"start":{"line":62,"column":9},"end":{"line":64,"column":5}}},"3":{"name":"(anonymous_3)","decl":{"start":{"line":66,"column":4},"end":{"line":66,"column":17}},"loc":{"start":{"line":66,"column":17},"end":{"line":68,"column":5}}},"4":{"name":"(anonymous_4)","decl":{"start":{"line":70,"column":4},"end":{"line":70,"column":14}},"loc":{"start":{"line":70,"column":14},"end":{"line":72,"column":5}}},"5":{"name":"(anonymous_5)","decl":{"start":{"line":74,"column":4},"end":{"line":74,"column":17}},"loc":{"start":{"line":74,"column":17},"end":{"line":76,"column":5}}},"6":{"name":"(anonymous_6)","decl":{"start":{"line":83,"column":4},"end":{"line":83,"column":29}},"loc":{"start":{"line":83,"column":54},"end":{"line":102,"column":5}}},"7":{"name":"(anonymous_7)","decl":{"start":{"line":104,"column":4},"end":{"line":104,"column":12}},"loc":{"start":{"line":104,"column":72},"end":{"line":106,"column":5}}},"8":{"name":"(anonymous_8)","decl":{"start":{"line":115,"column":4},"end":{"line":115,"column":12}},"loc":{"start":{"line":115,"column":59},"end":{"line":122,"column":5}}},"9":{"name":"(anonymous_9)","decl":{"start":{"line":132,"column":4},"end":{"line":132,"column":15}},"loc":{"start":{"line":132,"column":75},"end":{"line":134,"column":5}}},"10":{"name":"(anonymous_10)","decl":{"start":{"line":136,"column":4},"end":{"line":136,"column":13}},"loc":{"start":{"line":136,"column":73},"end":{"line":138,"column":5}}},"11":{"name":"(anonymous_11)","decl":{"start":{"line":140,"column":4},"end":{"line":140,"column":20}},"loc":{"start":{"line":140,"column":56},"end":{"line":150,"column":5}}},"12":{"name":"(anonymous_12)","decl":{"start":{"line":152,"column":12},"end":{"line":152,"column":23}},"loc":{"start":{"line":152,"column":83},"end":{"line":164,"column":5}}},"13":{"name":"(anonymous_13)","decl":{"start":{"line":170,"column":4},"end":{"line":170,"column":23}},"loc":{"start":{"line":170,"column":40},"end":{"line":172,"column":5}}},"14":{"name":"(anonymous_14)","decl":{"start":{"line":178,"column":4},"end":{"line":178,"column":18}},"loc":{"start":{"line":178,"column":18},"end":{"line":183,"column":5}}},"15":{"name":"(anonymous_15)","decl":{"start":{"line":180,"column":15},"end":{"line":180,"column":24}},"loc":{"start":{"line":180,"column":59},"end":{"line":182,"column":9}}},"16":{"name":"(anonymous_16)","decl":{"start":{"line":181,"column":20},"end":{"line":181,"column":21}},"loc":{"start":{"line":181,"column":42},"end":{"line":181,"column":79}}},"17":{"name":"(anonymous_17)","decl":{"start":{"line":185,"column":4},"end":{"line":185,"column":19}},"loc":{"start":{"line":185,"column":19},"end":{"line":190,"column":5}}},"18":{"name":"(anonymous_18)","decl":{"start":{"line":187,"column":15},"end":{"line":187,"column":46}},"loc":{"start":{"line":187,"column":76},"end":{"line":189,"column":9}}},"19":{"name":"(anonymous_19)","decl":{"start":{"line":188,"column":19},"end":{"line":188,"column":20}},"loc":{"start":{"line":188,"column":58},"end":{"line":188,"column":105}}},"20":{"name":"(anonymous_20)","decl":{"start":{"line":192,"column":12},"end":{"line":192,"column":27}},"loc":{"start":{"line":192,"column":82},"end":{"line":222,"column":5}}},"21":{"name":"(anonymous_21)","decl":{"start":{"line":231,"column":12},"end":{"line":231,"column":31}},"loc":{"start":{"line":231,"column":119},"end":{"line":239,"column":5}}},"22":{"name":"(anonymous_22)","decl":{"start":{"line":241,"column":4},"end":{"line":241,"column":25}},"loc":{"start":{"line":241,"column":25},"end":{"line":244,"column":5}}},"23":{"name":"(anonymous_23)","decl":{"start":{"line":252,"column":4},"end":{"line":252,"column":13}},"loc":{"start":{"line":252,"column":13},"end":{"line":254,"column":5}}},"24":{"name":"(anonymous_24)","decl":{"start":{"line":260,"column":4},"end":{"line":260,"column":11}},"loc":{"start":{"line":260,"column":11},"end":{"line":262,"column":5}}},"25":{"name":"(anonymous_25)","decl":{"start":{"line":264,"column":4},"end":{"line":264,"column":9}},"loc":{"start":{"line":264,"column":30},"end":{"line":276,"column":5}}}},"branchMap":{"0":{"loc":{"start":{"line":86,"column":8},"end":{"line":87,"column":null}},"type":"if","locations":[{"start":{"line":86,"column":8},"end":{"line":87,"column":null}}]},"1":{"loc":{"start":{"line":95,"column":12},"end":{"line":98,"column":null}},"type":"if","locations":[{"start":{"line":95,"column":12},"end":{"line":98,"column":null}},{"start":{"line":98,"column":16},"end":{"line":98,"column":null}}]},"2":{"loc":{"start":{"line":116,"column":8},"end":{"line":119,"column":9}},"type":"if","locations":[{"start":{"line":116,"column":8},"end":{"line":119,"column":9}}]},"3":{"loc":{"start":{"line":141,"column":8},"end":{"line":141,"column":null}},"type":"if","locations":[{"start":{"line":141,"column":8},"end":{"line":141,"column":null}}]},"4":{"loc":{"start":{"line":142,"column":8},"end":{"line":148,"column":9}},"type":"if","locations":[{"start":{"line":142,"column":8},"end":{"line":148,"column":9}}]},"5":{"loc":{"start":{"line":144,"column":12},"end":{"line":147,"column":null}},"type":"if","locations":[{"start":{"line":144,"column":12},"end":{"line":147,"column":null}},{"start":{"line":147,"column":17},"end":{"line":147,"column":null}}]},"6":{"loc":{"start":{"line":153,"column":8},"end":{"line":163,"column":null}},"type":"if","locations":[{"start":{"line":153,"column":8},"end":{"line":163,"column":null}},{"start":{"line":160,"column":13},"end":{"line":163,"column":null}}]},"7":{"loc":{"start":{"line":156,"column":12},"end":{"line":157,"column":null}},"type":"if","locations":[{"start":{"line":156,"column":12},"end":{"line":157,"column":null}}]},"8":{"loc":{"start":{"line":160,"column":13},"end":{"line":163,"column":null}},"type":"if","locations":[{"start":{"line":160,"column":13},"end":{"line":163,"column":null}},{"start":{"line":163,"column":13},"end":{"line":163,"column":null}}]},"9":{"loc":{"start":{"line":198,"column":8},"end":{"line":204,"column":9}},"type":"if","locations":[{"start":{"line":198,"column":8},"end":{"line":204,"column":9}}]},"10":{"loc":{"start":{"line":206,"column":8},"end":{"line":212,"column":9}},"type":"if","locations":[{"start":{"line":206,"column":8},"end":{"line":212,"column":9}}]},"11":{"loc":{"start":{"line":234,"column":8},"end":{"line":235,"column":null}},"type":"if","locations":[{"start":{"line":234,"column":8},"end":{"line":235,"column":null}}]},"12":{"loc":{"start":{"line":261,"column":15},"end":{"line":261,"column":50}},"type":"binary-expr","locations":[{"start":{"line":261,"column":15},"end":{"line":261,"column":37}},{"start":{"line":261,"column":41},"end":{"line":261,"column":50}}]}},"s":{"0":13,"1":13,"2":13,"3":12,"4":12,"5":12,"6":12,"7":12,"8":11,"9":0,"10":1,"11":1,"12":0,"13":3,"14":3,"15":0,"16":3,"17":3,"18":6,"19":6,"20":6,"21":0,"22":3,"23":9,"24":1,"25":0,"26":0,"27":1,"28":0,"29":1,"30":12,"31":7,"32":5,"33":0,"34":0,"35":0,"36":5,"37":10,"38":2,"39":2,"40":0,"41":2,"42":8,"43":8,"44":0,"45":5,"46":5,"47":7,"48":7,"49":5,"50":5,"51":22,"52":22,"53":12,"54":12,"55":2,"56":2,"57":12,"58":5,"59":5,"60":5,"61":5,"62":5,"63":7,"64":7,"65":7,"66":7,"67":7,"68":7,"69":22,"70":22,"71":5,"72":22,"73":12,"74":0,"75":1,"76":1,"77":0,"78":0,"79":1,"80":13},"f":{"0":12,"1":11,"2":0,"3":1,"4":1,"5":0,"6":3,"7":9,"8":1,"9":0,"10":1,"11":12,"12":10,"13":0,"14":5,"15":7,"16":7,"17":5,"18":22,"19":22,"20":12,"21":22,"22":0,"23":12,"24":0,"25":1},"b":{"0":[0],"1":[6,0],"2":[0],"3":[7],"4":[0],"5":[0,0],"6":[2,8],"7":[0],"8":[8,0],"9":[2],"10":[5],"11":[5],"12":[0,0]}}
,"/Users/keshav/csvhub/core/server/error.ts": {"path":"/Users/keshav/csvhub/core/server/error.ts","statementMap":{"0":{"start":{"line":10,"column":8},"end":{"line":10,"column":null}},"1":{"start":{"line":7,"column":0},"end":{"line":7,"column":13}}},"fnMap":{"0":{"name":"(anonymous_0)","decl":{"start":{"line":9,"column":4},"end":{"line":9,"column":16}},"loc":{"start":{"line":9,"column":28},"end":{"line":11,"column":5}}}},"branchMap":{},"s":{"0":0,"1":13},"f":{"0":0},"b":{}}
,"/Users/keshav/csvhub/core/server/index.ts": {"path":"/Users/keshav/csvhub/core/server/index.ts","statementMap":{"0":{"start":{"line":1,"column":0},"end":{"line":1,"column":26}},"1":{"start":{"line":2,"column":0},"end":{"line":2,"column":23}},"2":{"start":{"line":3,"column":0},"end":{"line":3,"column":24}},"3":{"start":{"line":6,"column":0},"end":{"line":6,"column":31}},"4":{"start":{"line":7,"column":0},"end":{"line":7,"column":32}},"5":{"start":{"line":8,"column":0},"end":{"line":8,"column":32}},"6":{"start":{"line":14,"column":0},"end":{"line":14,"column":30}},"7":{"start":{"line":16,"column":0},"end":{"line":16,"column":23}}},"fnMap":{},"branchMap":{},"s":{"0":13,"1":13,"2":13,"3":13,"4":13,"5":13,"6":13,"7":13},"f":{},"b":{}}
,"/Users/keshav/csvhub/core/server/table.ts": {"path":"/Users/keshav/csvhub/core/server/table.ts","statementMap":{"0":{"start":{"line":1,"column":0},"end":{"line":1,"column":19}},"1":{"start":{"line":4,"column":0},"end":{"line":4,"column":null}},"2":{"start":{"line":39,"column":47},"end":{"line":39,"column":49}},"3":{"start":{"line":40,"column":47},"end":{"line":40,"column":49}},"4":{"start":{"line":43,"column":39},"end":{"line":43,"column":41}},"5":{"start":{"line":53,"column":8},"end":{"line":53,"column":null}},"6":{"start":{"line":54,"column":8},"end":{"line":54,"column":null}},"7":{"start":{"line":55,"column":8},"end":{"line":55,"column":null}},"8":{"start":{"line":56,"column":8},"end":{"line":56,"column":null}},"9":{"start":{"line":68,"column":8},"end":{"line":68,"column":null}},"10":{"start":{"line":72,"column":25},"end":{"line":72,"column":68}},"11":{"start":{"line":73,"column":8},"end":{"line":73,"column":null}},"12":{"start":{"line":77,"column":8},"end":{"line":77,"column":null}},"13":{"start":{"line":81,"column":8},"end":{"line":81,"column":null}},"14":{"start":{"line":85,"column":8},"end":{"line":85,"column":null}},"15":{"start":{"line":89,"column":8},"end":{"line":89,"column":null}},"16":{"start":{"line":93,"column":8},"end":{"line":93,"column":null}},"17":{"start":{"line":97,"column":23},"end":{"line":97,"column":50}},"18":{"start":{"line":98,"column":8},"end":{"line":98,"column":null}},"19":{"start":{"line":99,"column":8},"end":{"line":99,"column":null}},"20":{"start":{"line":102,"column":8},"end":{"line":103,"column":null}},"21":{"start":{"line":103,"column":12},"end":{"line":103,"column":null}},"22":{"start":{"line":105,"column":8},"end":{"line":105,"column":null}},"23":{"start":{"line":109,"column":8},"end":{"line":109,"column":null}},"24":{"start":{"line":109,"column":21},"end":{"line":109,"column":null}},"25":{"start":{"line":111,"column":8},"end":{"line":113,"column":9}},"26":{"start":{"line":112,"column":12},"end":{"line":112,"column":null}},"27":{"start":{"line":114,"column":8},"end":{"line":114,"column":null}},"28":{"start":{"line":118,"column":23},"end":{"line":122,"column":10}},"29":{"start":{"line":127,"column":8},"end":{"line":127,"column":null}},"30":{"start":{"line":131,"column":8},"end":{"line":132,"column":null}},"31":{"start":{"line":132,"column":12},"end":{"line":132,"column":null}},"32":{"start":{"line":134,"column":23},"end":{"line":138,"column":10}},"33":{"start":{"line":136,"column":42},"end":{"line":136,"column":64}},"34":{"start":{"line":143,"column":8},"end":{"line":149,"column":9}},"35":{"start":{"line":143,"column":21},"end":{"line":143,"column":22}},"36":{"start":{"line":144,"column":12},"end":{"line":148,"column":null}},"37":{"start":{"line":146,"column":66},"end":{"line":146,"column":88}},"38":{"start":{"line":150,"column":8},"end":{"line":150,"column":null}},"39":{"start":{"line":154,"column":32},"end":{"line":154,"column":34}},"40":{"start":{"line":155,"column":8},"end":{"line":161,"column":9}},"41":{"start":{"line":156,"column":12},"end":{"line":160,"column":null}},"42":{"start":{"line":157,"column":16},"end":{"line":157,"column":null}},"43":{"start":{"line":159,"column":17},"end":{"line":160,"column":null}},"44":{"start":{"line":160,"column":16},"end":{"line":160,"column":null}},"45":{"start":{"line":162,"column":8},"end":{"line":162,"column":null}},"46":{"start":{"line":166,"column":8},"end":{"line":172,"column":9}},"47":{"start":{"line":167,"column":12},"end":{"line":171,"column":null}},"48":{"start":{"line":168,"column":16},"end":{"line":168,"column":null}},"49":{"start":{"line":170,"column":17},"end":{"line":171,"column":null}},"50":{"start":{"line":171,"column":16},"end":{"line":171,"column":null}},"51":{"start":{"line":173,"column":8},"end":{"line":173,"column":null}},"52":{"start":{"line":183,"column":8},"end":{"line":189,"column":null}},"53":{"start":{"line":184,"column":12},"end":{"line":187,"column":null}},"54":{"start":{"line":185,"column":16},"end":{"line":185,"column":null}},"55":{"start":{"line":187,"column":17},"end":{"line":187,"column":null}},"56":{"start":{"line":189,"column":13},"end":{"line":189,"column":null}},"57":{"start":{"line":201,"column":8},"end":{"line":202,"column":null}},"58":{"start":{"line":202,"column":12},"end":{"line":202,"column":null}},"59":{"start":{"line":203,"column":8},"end":{"line":203,"column":null}},"60":{"start":{"line":213,"column":8},"end":{"line":214,"column":null}},"61":{"start":{"line":214,"column":12},"end":{"line":214,"column":null}},"62":{"start":{"line":215,"column":8},"end":{"line":215,"column":null}},"63":{"start":{"line":225,"column":30},"end":{"line":225,"column":35}},"64":{"start":{"line":228,"column":8},"end":{"line":236,"column":9}},"65":{"start":{"line":228,"column":21},"end":{"line":228,"column":22}},"66":{"start":{"line":229,"column":12},"end":{"line":229,"column":null}},"67":{"start":{"line":232,"column":12},"end":{"line":235,"column":null}},"68":{"start":{"line":233,"column":16},"end":{"line":233,"column":null}},"69":{"start":{"line":234,"column":17},"end":{"line":235,"column":null}},"70":{"start":{"line":235,"column":16},"end":{"line":235,"column":null}},"71":{"start":{"line":237,"column":8},"end":{"line":237,"column":null}},"72":{"start":{"line":238,"column":8},"end":{"line":238,"column":null}},"73":{"start":{"line":242,"column":8},"end":{"line":242,"column":null}},"74":{"start":{"line":247,"column":8},"end":{"line":248,"column":null}},"75":{"start":{"line":248,"column":12},"end":{"line":248,"column":null}},"76":{"start":{"line":251,"column":8},"end":{"line":255,"column":null}},"77":{"start":{"line":259,"column":8},"end":{"line":259,"column":null}},"78":{"start":{"line":263,"column":8},"end":{"line":265,"column":null}},"79":{"start":{"line":269,"column":8},"end":{"line":269,"column":null}},"80":{"start":{"line":273,"column":27},"end":{"line":273,"column":46}},"81":{"start":{"line":274,"column":8},"end":{"line":274,"column":null}},"82":{"start":{"line":274,"column":26},"end":{"line":274,"column":null}},"83":{"start":{"line":275,"column":8},"end":{"line":275,"column":null}},"84":{"start":{"line":283,"column":8},"end":{"line":283,"column":null}},"85":{"start":{"line":287,"column":8},"end":{"line":287,"column":null}},"86":{"start":{"line":291,"column":8},"end":{"line":291,"column":null}},"87":{"start":{"line":295,"column":8},"end":{"line":295,"column":null}},"88":{"start":{"line":299,"column":8},"end":{"line":299,"column":null}},"89":{"start":{"line":303,"column":8},"end":{"line":303,"column":null}},"90":{"start":{"line":307,"column":8},"end":{"line":307,"column":null}},"91":{"start":{"line":311,"column":8},"end":{"line":314,"column":null}},"92":{"start":{"line":318,"column":8},"end":{"line":321,"column":null}},"93":{"start":{"line":325,"column":8},"end":{"line":325,"column":null}},"94":{"start":{"line":329,"column":8},"end":{"line":329,"column":null}},"95":{"start":{"line":333,"column":33},"end":{"line":335,"column":null}},"96":{"start":{"line":336,"column":8},"end":{"line":338,"column":9}},"97":{"start":{"line":337,"column":12},"end":{"line":337,"column":null}},"98":{"start":{"line":339,"column":8},"end":{"line":339,"column":null}},"99":{"start":{"line":26,"column":0},"end":{"line":26,"column":13}}},"fnMap":{"0":{"name":"(anonymous_1)","decl":{"start":{"line":52,"column":4},"end":{"line":52,"column":16}},"loc":{"start":{"line":52,"column":83},"end":{"line":57,"column":5}}},"1":{"name":"(anonymous_2)","decl":{"start":{"line":67,"column":4},"end":{"line":67,"column":10}},"loc":{"start":{"line":67,"column":10},"end":{"line":69,"column":5}}},"2":{"name":"(anonymous_3)","decl":{"start":{"line":71,"column":4},"end":{"line":71,"column":9}},"loc":{"start":{"line":71,"column":16},"end":{"line":74,"column":5}}},"3":{"name":"(anonymous_4)","decl":{"start":{"line":76,"column":4},"end":{"line":76,"column":9}},"loc":{"start":{"line":76,"column":24},"end":{"line":78,"column":5}}},"4":{"name":"(anonymous_5)","decl":{"start":{"line":80,"column":4},"end":{"line":80,"column":8}},"loc":{"start":{"line":80,"column":8},"end":{"line":82,"column":5}}},"5":{"name":"(anonymous_6)","decl":{"start":{"line":84,"column":4},"end":{"line":84,"column":12}},"loc":{"start":{"line":84,"column":12},"end":{"line":86,"column":5}}},"6":{"name":"(anonymous_7)","decl":{"start":{"line":88,"column":4},"end":{"line":88,"column":10}},"loc":{"start":{"line":88,"column":59},"end":{"line":90,"column":5}}},"7":{"name":"(anonymous_8)","decl":{"start":{"line":92,"column":4},"end":{"line":92,"column":13}},"loc":{"start":{"line":92,"column":13},"end":{"line":94,"column":5}}},"8":{"name":"(anonymous_9)","decl":{"start":{"line":96,"column":4},"end":{"line":96,"column":13}},"loc":{"start":{"line":96,"column":80},"end":{"line":106,"column":5}}},"9":{"name":"(anonymous_10)","decl":{"start":{"line":108,"column":4},"end":{"line":108,"column":18}},"loc":{"start":{"line":108,"column":32},"end":{"line":115,"column":5}}},"10":{"name":"(anonymous_11)","decl":{"start":{"line":117,"column":4},"end":{"line":117,"column":9}},"loc":{"start":{"line":117,"column":60},"end":{"line":124,"column":5}}},"11":{"name":"(anonymous_12)","decl":{"start":{"line":126,"column":4},"end":{"line":126,"column":9}},"loc":{"start":{"line":126,"column":60},"end":{"line":128,"column":5}}},"12":{"name":"(anonymous_13)","decl":{"start":{"line":130,"column":4},"end":{"line":130,"column":9}},"loc":{"start":{"line":130,"column":67},"end":{"line":139,"column":5}}},"13":{"name":"(anonymous_14)","decl":{"start":{"line":136,"column":31},"end":{"line":136,"column":32}},"loc":{"start":{"line":136,"column":42},"end":{"line":136,"column":64}}},"14":{"name":"(anonymous_15)","decl":{"start":{"line":141,"column":12},"end":{"line":141,"column":17}},"loc":{"start":{"line":141,"column":75},"end":{"line":151,"column":5}}},"15":{"name":"(anonymous_16)","decl":{"start":{"line":146,"column":55},"end":{"line":146,"column":56}},"loc":{"start":{"line":146,"column":66},"end":{"line":146,"column":88}}},"16":{"name":"(anonymous_17)","decl":{"start":{"line":153,"column":4},"end":{"line":153,"column":14}},"loc":{"start":{"line":153,"column":31},"end":{"line":163,"column":5}}},"17":{"name":"(anonymous_18)","decl":{"start":{"line":165,"column":4},"end":{"line":165,"column":16}},"loc":{"start":{"line":165,"column":33},"end":{"line":174,"column":5}}},"18":{"name":"(anonymous_19)","decl":{"start":{"line":182,"column":4},"end":{"line":182,"column":11}},"loc":{"start":{"line":182,"column":11},"end":{"line":190,"column":5}}},"19":{"name":"(anonymous_20)","decl":{"start":{"line":200,"column":4},"end":{"line":200,"column":11}},"loc":{"start":{"line":200,"column":24},"end":{"line":204,"column":5}}},"20":{"name":"(anonymous_21)","decl":{"start":{"line":212,"column":4},"end":{"line":212,"column":17}},"loc":{"start":{"line":212,"column":39},"end":{"line":216,"column":5}}},"21":{"name":"(anonymous_22)","decl":{"start":{"line":224,"column":4},"end":{"line":224,"column":21}},"loc":{"start":{"line":224,"column":36},"end":{"line":239,"column":5}}},"22":{"name":"(anonymous_23)","decl":{"start":{"line":241,"column":4},"end":{"line":241,"column":16}},"loc":{"start":{"line":241,"column":16},"end":{"line":243,"column":5}}},"23":{"name":"(anonymous_24)","decl":{"start":{"line":245,"column":4},"end":{"line":245,"column":26}},"loc":{"start":{"line":245,"column":26},"end":{"line":256,"column":5}}},"24":{"name":"(anonymous_25)","decl":{"start":{"line":258,"column":4},"end":{"line":258,"column":12}},"loc":{"start":{"line":258,"column":12},"end":{"line":260,"column":5}}},"25":{"name":"(anonymous_26)","decl":{"start":{"line":262,"column":4},"end":{"line":262,"column":22}},"loc":{"start":{"line":262,"column":22},"end":{"line":266,"column":5}}},"26":{"name":"(anonymous_27)","decl":{"start":{"line":268,"column":4},"end":{"line":268,"column":17}},"loc":{"start":{"line":268,"column":17},"end":{"line":270,"column":5}}},"27":{"name":"(anonymous_28)","decl":{"start":{"line":272,"column":4},"end":{"line":272,"column":27}},"loc":{"start":{"line":272,"column":27},"end":{"line":276,"column":5}}},"28":{"name":"(anonymous_29)","decl":{"start":{"line":282,"column":4},"end":{"line":282,"column":14}},"loc":{"start":{"line":282,"column":14},"end":{"line":284,"column":5}}},"29":{"name":"(anonymous_30)","decl":{"start":{"line":286,"column":4},"end":{"line":286,"column":19}},"loc":{"start":{"line":286,"column":32},"end":{"line":288,"column":5}}},"30":{"name":"(anonymous_31)","decl":{"start":{"line":290,"column":4},"end":{"line":290,"column":18}},"loc":{"start":{"line":290,"column":31},"end":{"line":292,"column":5}}},"31":{"name":"(anonymous_32)","decl":{"start":{"line":294,"column":4},"end":{"line":294,"column":16}},"loc":{"start":{"line":294,"column":29},"end":{"line":296,"column":5}}},"32":{"name":"(anonymous_33)","decl":{"start":{"line":298,"column":4},"end":{"line":298,"column":17}},"loc":{"start":{"line":298,"column":17},"end":{"line":300,"column":5}}},"33":{"name":"(anonymous_34)","decl":{"start":{"line":302,"column":4},"end":{"line":302,"column":13}},"loc":{"start":{"line":302,"column":13},"end":{"line":304,"column":5}}},"34":{"name":"(anonymous_35)","decl":{"start":{"line":306,"column":4},"end":{"line":306,"column":13}},"loc":{"start":{"line":306,"column":13},"end":{"line":308,"column":5}}},"35":{"name":"(anonymous_36)","decl":{"start":{"line":310,"column":4},"end":{"line":310,"column":14}},"loc":{"start":{"line":310,"column":34},"end":{"line":315,"column":5}}},"36":{"name":"(anonymous_37)","decl":{"start":{"line":317,"column":4},"end":{"line":317,"column":15}},"loc":{"start":{"line":317,"column":31},"end":{"line":322,"column":5}}},"37":{"name":"(anonymous_38)","decl":{"start":{"line":324,"column":4},"end":{"line":324,"column":12}},"loc":{"start":{"line":324,"column":19},"end":{"line":326,"column":5}}},"38":{"name":"(anonymous_39)","decl":{"start":{"line":328,"column":4},"end":{"line":328,"column":12}},"loc":{"start":{"line":328,"column":12},"end":{"line":330,"column":5}}},"39":{"name":"(anonymous_40)","decl":{"start":{"line":332,"column":4},"end":{"line":332,"column":22}},"loc":{"start":{"line":332,"column":22},"end":{"line":340,"column":5}}}},"branchMap":{"0":{"loc":{"start":{"line":52,"column":30},"end":{"line":52,"column":47}},"type":"default-arg","locations":[{"start":{"line":52,"column":45},"end":{"line":52,"column":47}}]},"1":{"loc":{"start":{"line":52,"column":49},"end":{"line":52,"column":74}},"type":"default-arg","locations":[{"start":{"line":52,"column":72},"end":{"line":52,"column":74}}]},"2":{"loc":{"start":{"line":102,"column":8},"end":{"line":103,"column":null}},"type":"if","locations":[{"start":{"line":102,"column":8},"end":{"line":103,"column":null}}]},"3":{"loc":{"start":{"line":102,"column":12},"end":{"line":102,"column":26}},"type":"binary-expr","locations":[{"start":{"line":102,"column":12},"end":{"line":102,"column":15}},{"start":{"line":102,"column":19},"end":{"line":102,"column":26}}]},"4":{"loc":{"start":{"line":109,"column":8},"end":{"line":109,"column":null}},"type":"if","locations":[{"start":{"line":109,"column":8},"end":{"line":109,"column":null}}]},"5":{"loc":{"start":{"line":117,"column":42},"end":{"line":117,"column":60}},"type":"default-arg","locations":[{"start":{"line":117,"column":56},"end":{"line":117,"column":60}}]},"6":{"loc":{"start":{"line":121,"column":20},"end":{"line":121,"column":56}},"type":"cond-expr","locations":[{"start":{"line":121,"column":34},"end":{"line":121,"column":48}},{"start":{"line":121,"column":51},"end":{"line":121,"column":56}}]},"7":{"loc":{"start":{"line":131,"column":8},"end":{"line":132,"column":null}},"type":"if","locations":[{"start":{"line":131,"column":8},"end":{"line":132,"column":null}}]},"8":{"loc":{"start":{"line":131,"column":12},"end":{"line":131,"column":58}},"type":"binary-expr","locations":[{"start":{"line":131,"column":12},"end":{"line":131,"column":29}},{"start":{"line":131,"column":33},"end":{"line":131,"column":58}}]},"9":{"loc":{"start":{"line":156,"column":12},"end":{"line":160,"column":null}},"type":"if","locations":[{"start":{"line":156,"column":12},"end":{"line":160,"column":null}},{"start":{"line":159,"column":17},"end":{"line":160,"column":null}}]},"10":{"loc":{"start":{"line":159,"column":17},"end":{"line":160,"column":null}},"type":"if","locations":[{"start":{"line":159,"column":17},"end":{"line":160,"column":null}}]},"11":{"loc":{"start":{"line":167,"column":12},"end":{"line":171,"column":null}},"type":"if","locations":[{"start":{"line":167,"column":12},"end":{"line":171,"column":null}},{"start":{"line":170,"column":17},"end":{"line":171,"column":null}}]},"12":{"loc":{"start":{"line":170,"column":17},"end":{"line":171,"column":null}},"type":"if","locations":[{"start":{"line":170,"column":17},"end":{"line":171,"column":null}}]},"13":{"loc":{"start":{"line":183,"column":8},"end":{"line":189,"column":null}},"type":"if","locations":[{"start":{"line":183,"column":8},"end":{"line":189,"column":null}},{"start":{"line":189,"column":13},"end":{"line":189,"column":null}}]},"14":{"loc":{"start":{"line":184,"column":12},"end":{"line":187,"column":null}},"type":"if","locations":[{"start":{"line":184,"column":12},"end":{"line":187,"column":null}},{"start":{"line":187,"column":17},"end":{"line":187,"column":null}}]},"15":{"loc":{"start":{"line":201,"column":8},"end":{"line":202,"column":null}},"type":"if","locations":[{"start":{"line":201,"column":8},"end":{"line":202,"column":null}}]},"16":{"loc":{"start":{"line":213,"column":8},"end":{"line":214,"column":null}},"type":"if","locations":[{"start":{"line":213,"column":8},"end":{"line":214,"column":null}}]},"17":{"loc":{"start":{"line":224,"column":22},"end":{"line":224,"column":36}},"type":"default-arg","locations":[{"start":{"line":224,"column":31},"end":{"line":224,"column":36}}]},"18":{"loc":{"start":{"line":232,"column":12},"end":{"line":235,"column":null}},"type":"if","locations":[{"start":{"line":232,"column":12},"end":{"line":235,"column":null}},{"start":{"line":234,"column":17},"end":{"line":235,"column":null}}]},"19":{"loc":{"start":{"line":233,"column":25},"end":{"line":233,"column":48}},"type":"cond-expr","locations":[{"start":{"line":233,"column":34},"end":{"line":233,"column":41}},{"start":{"line":233,"column":44},"end":{"line":233,"column":48}}]},"20":{"loc":{"start":{"line":234,"column":17},"end":{"line":235,"column":null}},"type":"if","locations":[{"start":{"line":234,"column":17},"end":{"line":235,"column":null}}]},"21":{"loc":{"start":{"line":247,"column":8},"end":{"line":248,"column":null}},"type":"if","locations":[{"start":{"line":247,"column":8},"end":{"line":248,"column":null}}]},"22":{"loc":{"start":{"line":252,"column":12},"end":{"line":254,"column":null}},"type":"cond-expr","locations":[{"start":{"line":253,"column":16},"end":{"line":253,"column":56}},{"start":{"line":254,"column":16},"end":{"line":254,"column":null}}]},"23":{"loc":{"start":{"line":263,"column":29},"end":{"line":264,"column":null}},"type":"cond-expr","locations":[{"start":{"line":264,"column":20},"end":{"line":264,"column":56}},{"start":{"line":264,"column":59},"end":{"line":264,"column":null}}]},"24":{"loc":{"start":{"line":274,"column":8},"end":{"line":274,"column":null}},"type":"if","locations":[{"start":{"line":274,"column":8},"end":{"line":274,"column":null}}]},"25":{"loc":{"start":{"line":275,"column":32},"end":{"line":275,"column":95}},"type":"cond-expr","locations":[{"start":{"line":275,"column":60},"end":{"line":275,"column":81}},{"start":{"line":275,"column":84},"end":{"line":275,"column":95}}]},"26":{"loc":{"start":{"line":303,"column":16},"end":{"line":303,"column":46}},"type":"binary-expr","locations":[{"start":{"line":303,"column":16},"end":{"line":303,"column":31}},{"start":{"line":303,"column":35},"end":{"line":303,"column":46}}]}},"s":{"0":13,"1":13,"2":16,"3":16,"4":16,"5":16,"6":16,"7":16,"8":16,"9":7,"10":0,"11":0,"12":0,"13":9,"14":0,"15":3,"16":0,"17":34,"18":34,"19":34,"20":34,"21":0,"22":34,"23":12,"24":10,"25":2,"26":6,"27":2,"28":0,"29":0,"30":0,"31":0,"32":0,"33":0,"34":0,"35":0,"36":0,"37":0,"38":0,"39":0,"40":0,"41":0,"42":0,"43":0,"44":0,"45":0,"46":0,"47":0,"48":0,"49":0,"50":0,"51":0,"52":25,"53":2,"54":1,"55":1,"56":23,"57":6,"58":6,"59":6,"60":5,"61":4,"62":5,"63":7,"64":7,"65":7,"66":25,"67":25,"68":18,"69":7,"70":0,"71":7,"72":7,"73":0,"74":7,"75":6,"76":1,"77":7,"78":1,"79":7,"80":6,"81":6,"82":0,"83":6,"84":3,"85":0,"86":0,"87":0,"88":2,"89":7,"90":10,"91":0,"92":0,"93":0,"94":0,"95":0,"96":0,"97":0,"98":0,"99":13},"f":{"0":16,"1":7,"2":0,"3":0,"4":9,"5":0,"6":3,"7":0,"8":34,"9":12,"10":0,"11":0,"12":0,"13":0,"14":0,"15":0,"16":0,"17":0,"18":25,"19":6,"20":5,"21":7,"22":0,"23":7,"24":7,"25":1,"26":7,"27":6,"28":3,"29":0,"30":0,"31":0,"32":2,"33":7,"34":10,"35":0,"36":0,"37":0,"38":0,"39":0},"b":{"0":[6],"1":[9],"2":[0],"3":[34,18],"4":[10],"5":[0],"6":[0,0],"7":[0],"8":[0,0],"9":[0,0],"10":[0],"11":[0,0],"12":[0],"13":[2,23],"14":[1,1],"15":[6],"16":[4],"17":[0],"18":[18,7],"19":[0,18],"20":[0],"21":[6],"22":[0,1],"23":[0,1],"24":[0],"25":[0,6],"26":[7,0]}}
,"/Users/keshav/csvhub/core/server/command/column.ts": {"path":"/Users/keshav/csvhub/core/server/command/column.ts","statementMap":{"0":{"start":{"line":4,"column":0},"end":{"line":4,"column":null}},"1":{"start":{"line":13,"column":8},"end":{"line":13,"column":null}},"2":{"start":{"line":14,"column":8},"end":{"line":14,"column":null}},"3":{"start":{"line":18,"column":8},"end":{"line":20,"column":null}},"4":{"start":{"line":8,"column":0},"end":{"line":8,"column":13}},"5":{"start":{"line":36,"column":8},"end":{"line":36,"column":null}},"6":{"start":{"line":37,"column":8},"end":{"line":37,"column":null}},"7":{"start":{"line":38,"column":8},"end":{"line":38,"column":null}},"8":{"start":{"line":42,"column":8},"end":{"line":42,"column":null}},"9":{"start":{"line":43,"column":8},"end":{"line":43,"column":null}},"10":{"start":{"line":44,"column":8},"end":{"line":44,"column":null}},"11":{"start":{"line":45,"column":8},"end":{"line":45,"column":null}},"12":{"start":{"line":49,"column":8},"end":{"line":49,"column":null}},"13":{"start":{"line":50,"column":8},"end":{"line":50,"column":null}},"14":{"start":{"line":51,"column":8},"end":{"line":51,"column":null}},"15":{"start":{"line":52,"column":8},"end":{"line":52,"column":null}},"16":{"start":{"line":56,"column":8},"end":{"line":56,"column":null}},"17":{"start":{"line":57,"column":8},"end":{"line":57,"column":null}},"18":{"start":{"line":61,"column":8},"end":{"line":62,"column":null}},"19":{"start":{"line":62,"column":12},"end":{"line":62,"column":null}},"20":{"start":{"line":64,"column":34},"end":{"line":64,"column":115}},"21":{"start":{"line":65,"column":8},"end":{"line":69,"column":9}},"22":{"start":{"line":67,"column":23},"end":{"line":67,"column":87}},"23":{"start":{"line":67,"column":88},"end":{"line":67,"column":93}},"24":{"start":{"line":68,"column":23},"end":{"line":68,"column":58}},"25":{"start":{"line":68,"column":59},"end":{"line":68,"column":64}},"26":{"start":{"line":70,"column":8},"end":{"line":70,"column":null}},"27":{"start":{"line":28,"column":0},"end":{"line":28,"column":13}}},"fnMap":{"0":{"name":"(anonymous_0)","decl":{"start":{"line":12,"column":4},"end":{"line":12,"column":16}},"loc":{"start":{"line":12,"column":42},"end":{"line":15,"column":5}}},"1":{"name":"(anonymous_1)","decl":{"start":{"line":17,"column":4},"end":{"line":17,"column":9}},"loc":{"start":{"line":17,"column":17},"end":{"line":21,"column":5}}},"2":{"name":"(anonymous_2)","decl":{"start":{"line":35,"column":4},"end":{"line":35,"column":10}},"loc":{"start":{"line":35,"column":26},"end":{"line":39,"column":5}}},"3":{"name":"(anonymous_3)","decl":{"start":{"line":41,"column":4},"end":{"line":41,"column":7}},"loc":{"start":{"line":41,"column":60},"end":{"line":46,"column":5}}},"4":{"name":"(anonymous_4)","decl":{"start":{"line":48,"column":4},"end":{"line":48,"column":10}},"loc":{"start":{"line":48,"column":63},"end":{"line":53,"column":5}}},"5":{"name":"(anonymous_5)","decl":{"start":{"line":55,"column":4},"end":{"line":55,"column":8}},"loc":{"start":{"line":55,"column":8},"end":{"line":58,"column":5}}},"6":{"name":"(anonymous_6)","decl":{"start":{"line":60,"column":4},"end":{"line":60,"column":12}},"loc":{"start":{"line":60,"column":12},"end":{"line":71,"column":5}}}},"branchMap":{"0":{"loc":{"start":{"line":61,"column":8},"end":{"line":62,"column":null}},"type":"if","locations":[{"start":{"line":61,"column":8},"end":{"line":62,"column":null}}]},"1":{"loc":{"start":{"line":65,"column":8},"end":{"line":69,"column":9}},"type":"switch","locations":[{"start":{"line":66,"column":8},"end":{"line":66,"column":19}},{"start":{"line":67,"column":8},"end":{"line":67,"column":93}},{"start":{"line":68,"column":8},"end":{"line":68,"column":64}}]}},"s":{"0":13,"1":1,"2":1,"3":0,"4":13,"5":1,"6":1,"7":1,"8":0,"9":0,"10":0,"11":0,"12":0,"13":0,"14":0,"15":0,"16":0,"17":0,"18":1,"19":0,"20":1,"21":1,"22":0,"23":0,"24":1,"25":1,"26":1,"27":13},"f":{"0":1,"1":0,"2":1,"3":0,"4":0,"5":0,"6":1},"b":{"0":[0],"1":[0,0,1]}}
,"/Users/keshav/csvhub/core/server/command/system.ts": {"path":"/Users/keshav/csvhub/core/server/command/system.ts","statementMap":{"0":{"start":{"line":14,"column":8},"end":{"line":14,"column":null}},"1":{"start":{"line":20,"column":23},"end":{"line":23,"column":10}},"2":{"start":{"line":24,"column":21},"end":{"line":24,"column":40}},"3":{"start":{"line":25,"column":8},"end":{"line":25,"column":null}},"4":{"start":{"line":10,"column":0},"end":{"line":10,"column":22}},"5":{"start":{"line":33,"column":8},"end":{"line":33,"column":null}},"6":{"start":{"line":37,"column":8},"end":{"line":37,"column":null}},"7":{"start":{"line":30,"column":0},"end":{"line":30,"column":13}},"8":{"start":{"line":44,"column":27},"end":{"line":44,"column":36}},"9":{"start":{"line":47,"column":8},"end":{"line":47,"column":null}},"10":{"start":{"line":51,"column":8},"end":{"line":51,"column":null}},"11":{"start":{"line":52,"column":8},"end":{"line":52,"column":null}},"12":{"start":{"line":56,"column":8},"end":{"line":56,"column":null}},"13":{"start":{"line":43,"column":0},"end":{"line":43,"column":13}},"14":{"start":{"line":61,"column":0},"end":{"line":61,"column":13}},"15":{"start":{"line":71,"column":8},"end":{"line":71,"column":null}},"16":{"start":{"line":75,"column":8},"end":{"line":75,"column":null}},"17":{"start":{"line":76,"column":8},"end":{"line":76,"column":null}},"18":{"start":{"line":68,"column":0},"end":{"line":68,"column":13}}},"fnMap":{"0":{"name":"(anonymous_0)","decl":{"start":{"line":13,"column":4},"end":{"line":13,"column":16}},"loc":{"start":{"line":13,"column":28},"end":{"line":15,"column":5}}},"1":{"name":"(anonymous_1)","decl":{"start":{"line":19,"column":4},"end":{"line":19,"column":9}},"loc":{"start":{"line":19,"column":17},"end":{"line":26,"column":5}}},"2":{"name":"(anonymous_2)","decl":{"start":{"line":32,"column":4},"end":{"line":32,"column":12}},"loc":{"start":{"line":32,"column":12},"end":{"line":34,"column":5}}},"3":{"name":"(anonymous_3)","decl":{"start":{"line":36,"column":4},"end":{"line":36,"column":9}},"loc":{"start":{"line":36,"column":30},"end":{"line":38,"column":5}}},"4":{"name":"(anonymous_4)","decl":{"start":{"line":46,"column":4},"end":{"line":46,"column":15}},"loc":{"start":{"line":46,"column":36},"end":{"line":48,"column":5}}},"5":{"name":"(anonymous_5)","decl":{"start":{"line":50,"column":4},"end":{"line":50,"column":9}},"loc":{"start":{"line":50,"column":18},"end":{"line":53,"column":5}}},"6":{"name":"(anonymous_6)","decl":{"start":{"line":55,"column":4},"end":{"line":55,"column":12}},"loc":{"start":{"line":55,"column":12},"end":{"line":57,"column":5}}},"7":{"name":"(anonymous_7)","decl":{"start":{"line":70,"column":4},"end":{"line":70,"column":12}},"loc":{"start":{"line":70,"column":12},"end":{"line":72,"column":5}}},"8":{"name":"(anonymous_8)","decl":{"start":{"line":74,"column":4},"end":{"line":74,"column":9}},"loc":{"start":{"line":74,"column":16},"end":{"line":77,"column":5}}}},"branchMap":{},"s":{"0":2,"1":2,"2":0,"3":0,"4":13,"5":1,"6":0,"7":13,"8":1,"9":0,"10":0,"11":0,"12":1,"13":13,"14":13,"15":0,"16":0,"17":0,"18":13},"f":{"0":2,"1":2,"2":1,"3":0,"4":0,"5":0,"6":1,"7":0,"8":0},"b":{}}
,"/Users/keshav/csvhub/core/server/command/table.ts": {"path":"/Users/keshav/csvhub/core/server/command/table.ts","statementMap":{"0":{"start":{"line":1,"column":0},"end":{"line":1,"column":null}},"1":{"start":{"line":18,"column":48},"end":{"line":18,"column":50}},"2":{"start":{"line":25,"column":8},"end":{"line":25,"column":null}},"3":{"start":{"line":29,"column":8},"end":{"line":39,"column":9}},"4":{"start":{"line":30,"column":27},"end":{"line":32,"column":14}},"5":{"start":{"line":36,"column":12},"end":{"line":38,"column":null}},"6":{"start":{"line":37,"column":16},"end":{"line":37,"column":null}},"7":{"start":{"line":38,"column":17},"end":{"line":38,"column":null}},"8":{"start":{"line":40,"column":8},"end":{"line":40,"column":null}},"9":{"start":{"line":48,"column":8},"end":{"line":57,"column":9}},"10":{"start":{"line":49,"column":27},"end":{"line":52,"column":14}},"11":{"start":{"line":53,"column":12},"end":{"line":53,"column":null}},"12":{"start":{"line":56,"column":12},"end":{"line":56,"column":null}},"13":{"start":{"line":61,"column":8},"end":{"line":61,"column":null}},"14":{"start":{"line":62,"column":8},"end":{"line":62,"column":null}},"15":{"start":{"line":13,"column":0},"end":{"line":13,"column":13}},"16":{"start":{"line":75,"column":8},"end":{"line":75,"column":null}},"17":{"start":{"line":76,"column":8},"end":{"line":76,"column":null}},"18":{"start":{"line":80,"column":8},"end":{"line":80,"column":null}},"19":{"start":{"line":81,"column":8},"end":{"line":81,"column":null}},"20":{"start":{"line":85,"column":8},"end":{"line":85,"column":null}},"21":{"start":{"line":86,"column":8},"end":{"line":86,"column":null}},"22":{"start":{"line":90,"column":8},"end":{"line":90,"column":null}},"23":{"start":{"line":91,"column":8},"end":{"line":91,"column":null}},"24":{"start":{"line":96,"column":32},"end":{"line":96,"column":43}},"25":{"start":{"line":97,"column":8},"end":{"line":100,"column":null}},"26":{"start":{"line":98,"column":12},"end":{"line":98,"column":null}},"27":{"start":{"line":99,"column":13},"end":{"line":100,"column":null}},"28":{"start":{"line":100,"column":12},"end":{"line":100,"column":null}},"29":{"start":{"line":101,"column":8},"end":{"line":101,"column":null}},"30":{"start":{"line":102,"column":8},"end":{"line":103,"column":null}},"31":{"start":{"line":103,"column":12},"end":{"line":103,"column":null}},"32":{"start":{"line":104,"column":8},"end":{"line":104,"column":null}},"33":{"start":{"line":107,"column":8},"end":{"line":107,"column":null}},"34":{"start":{"line":108,"column":8},"end":{"line":108,"column":null}},"35":{"start":{"line":111,"column":8},"end":{"line":111,"column":null}},"36":{"start":{"line":112,"column":8},"end":{"line":112,"column":null}},"37":{"start":{"line":115,"column":8},"end":{"line":115,"column":null}},"38":{"start":{"line":116,"column":8},"end":{"line":116,"column":null}},"39":{"start":{"line":119,"column":8},"end":{"line":122,"column":9}},"40":{"start":{"line":120,"column":12},"end":{"line":120,"column":null}},"41":{"start":{"line":121,"column":12},"end":{"line":121,"column":null}},"42":{"start":{"line":124,"column":8},"end":{"line":127,"column":9}},"43":{"start":{"line":125,"column":12},"end":{"line":125,"column":null}},"44":{"start":{"line":126,"column":12},"end":{"line":126,"column":null}},"45":{"start":{"line":129,"column":8},"end":{"line":129,"column":null}},"46":{"start":{"line":69,"column":0},"end":{"line":69,"column":13}},"47":{"start":{"line":137,"column":8},"end":{"line":137,"column":null}},"48":{"start":{"line":134,"column":0},"end":{"line":134,"column":13}},"49":{"start":{"line":141,"column":0},"end":{"line":141,"column":13}},"50":{"start":{"line":153,"column":8},"end":{"line":153,"column":null}},"51":{"start":{"line":151,"column":0},"end":{"line":151,"column":13}},"52":{"start":{"line":161,"column":8},"end":{"line":161,"column":null}},"53":{"start":{"line":165,"column":8},"end":{"line":165,"column":null}},"54":{"start":{"line":169,"column":8},"end":{"line":169,"column":null}},"55":{"start":{"line":157,"column":0},"end":{"line":157,"column":13}},"56":{"start":{"line":178,"column":8},"end":{"line":178,"column":null}},"57":{"start":{"line":179,"column":8},"end":{"line":179,"column":null}},"58":{"start":{"line":183,"column":8},"end":{"line":185,"column":null}},"59":{"start":{"line":174,"column":0},"end":{"line":174,"column":13}}},"fnMap":{"0":{"name":"(anonymous_0)","decl":{"start":{"line":24,"column":4},"end":{"line":24,"column":16}},"loc":{"start":{"line":24,"column":28},"end":{"line":26,"column":5}}},"1":{"name":"(anonymous_1)","decl":{"start":{"line":28,"column":4},"end":{"line":28,"column":9}},"loc":{"start":{"line":28,"column":17},"end":{"line":41,"column":5}}},"2":{"name":"(anonymous_2)","decl":{"start":{"line":47,"column":4},"end":{"line":47,"column":9}},"loc":{"start":{"line":47,"column":16},"end":{"line":58,"column":5}}},"3":{"name":"(anonymous_3)","decl":{"start":{"line":60,"column":4},"end":{"line":60,"column":15}},"loc":{"start":{"line":60,"column":45},"end":{"line":63,"column":5}}},"4":{"name":"(anonymous_4)","decl":{"start":{"line":74,"column":4},"end":{"line":74,"column":16}},"loc":{"start":{"line":74,"column":28},"end":{"line":77,"column":5}}},"5":{"name":"(anonymous_5)","decl":{"start":{"line":79,"column":4},"end":{"line":79,"column":13}},"loc":{"start":{"line":79,"column":13},"end":{"line":82,"column":5}}},"6":{"name":"(anonymous_6)","decl":{"start":{"line":84,"column":4},"end":{"line":84,"column":15}},"loc":{"start":{"line":84,"column":15},"end":{"line":87,"column":5}}},"7":{"name":"(anonymous_7)","decl":{"start":{"line":89,"column":4},"end":{"line":89,"column":13}},"loc":{"start":{"line":89,"column":13},"end":{"line":92,"column":5}}},"8":{"name":"(anonymous_8)","decl":{"start":{"line":94,"column":4},"end":{"line":94,"column":12}},"loc":{"start":{"line":94,"column":27},"end":{"line":130,"column":5}}},"9":{"name":"(anonymous_9)","decl":{"start":{"line":136,"column":4},"end":{"line":136,"column":12}},"loc":{"start":{"line":136,"column":12},"end":{"line":138,"column":5}}},"10":{"name":"(anonymous_10)","decl":{"start":{"line":152,"column":4},"end":{"line":152,"column":12}},"loc":{"start":{"line":152,"column":12},"end":{"line":154,"column":5}}},"11":{"name":"(anonymous_11)","decl":{"start":{"line":160,"column":4},"end":{"line":160,"column":15}},"loc":{"start":{"line":160,"column":15},"end":{"line":162,"column":5}}},"12":{"name":"(anonymous_12)","decl":{"start":{"line":164,"column":4},"end":{"line":164,"column":17}},"loc":{"start":{"line":164,"column":52},"end":{"line":166,"column":5}}},"13":{"name":"(anonymous_13)","decl":{"start":{"line":168,"column":4},"end":{"line":168,"column":12}},"loc":{"start":{"line":168,"column":12},"end":{"line":170,"column":5}}},"14":{"name":"(anonymous_14)","decl":{"start":{"line":177,"column":4},"end":{"line":177,"column":12}},"loc":{"start":{"line":177,"column":12},"end":{"line":180,"column":5}}},"15":{"name":"(anonymous_15)","decl":{"start":{"line":182,"column":4},"end":{"line":182,"column":12}},"loc":{"start":{"line":182,"column":12},"end":{"line":186,"column":5}}}},"branchMap":{"0":{"loc":{"start":{"line":36,"column":12},"end":{"line":38,"column":null}},"type":"if","locations":[{"start":{"line":36,"column":12},"end":{"line":38,"column":null}},{"start":{"line":38,"column":17},"end":{"line":38,"column":null}}]},"1":{"loc":{"start":{"line":36,"column":16},"end":{"line":36,"column":74}},"type":"binary-expr","locations":[{"start":{"line":36,"column":16},"end":{"line":36,"column":41}},{"start":{"line":36,"column":45},"end":{"line":36,"column":74}}]},"2":{"loc":{"start":{"line":94,"column":13},"end":{"line":94,"column":27}},"type":"default-arg","locations":[{"start":{"line":94,"column":22},"end":{"line":94,"column":27}}]},"3":{"loc":{"start":{"line":97,"column":8},"end":{"line":100,"column":null}},"type":"if","locations":[{"start":{"line":97,"column":8},"end":{"line":100,"column":null}},{"start":{"line":99,"column":13},"end":{"line":100,"column":null}}]},"4":{"loc":{"start":{"line":99,"column":13},"end":{"line":100,"column":null}},"type":"if","locations":[{"start":{"line":99,"column":13},"end":{"line":100,"column":null}}]},"5":{"loc":{"start":{"line":102,"column":8},"end":{"line":103,"column":null}},"type":"if","locations":[{"start":{"line":102,"column":8},"end":{"line":103,"column":null}}]},"6":{"loc":{"start":{"line":108,"column":19},"end":{"line":108,"column":38}},"type":"cond-expr","locations":[{"start":{"line":108,"column":28},"end":{"line":108,"column":32}},{"start":{"line":108,"column":35},"end":{"line":108,"column":38}}]},"7":{"loc":{"start":{"line":115,"column":19},"end":{"line":115,"column":38}},"type":"cond-expr","locations":[{"start":{"line":115,"column":28},"end":{"line":115,"column":32}},{"start":{"line":115,"column":35},"end":{"line":115,"column":38}}]},"8":{"loc":{"start":{"line":119,"column":8},"end":{"line":122,"column":9}},"type":"if","locations":[{"start":{"line":119,"column":8},"end":{"line":122,"column":9}}]},"9":{"loc":{"start":{"line":120,"column":23},"end":{"line":120,"column":42}},"type":"cond-expr","locations":[{"start":{"line":120,"column":32},"end":{"line":120,"column":36}},{"start":{"line":120,"column":39},"end":{"line":120,"column":42}}]},"10":{"loc":{"start":{"line":124,"column":8},"end":{"line":127,"column":9}},"type":"if","locations":[{"start":{"line":124,"column":8},"end":{"line":127,"column":9}}]},"11":{"loc":{"start":{"line":125,"column":23},"end":{"line":125,"column":42}},"type":"cond-expr","locations":[{"start":{"line":125,"column":32},"end":{"line":125,"column":36}},{"start":{"line":125,"column":39},"end":{"line":125,"column":42}}]},"12":{"loc":{"start":{"line":184,"column":12},"end":{"line":184,"column":null}},"type":"cond-expr","locations":[{"start":{"line":184,"column":32},"end":{"line":184,"column":44}},{"start":{"line":184,"column":47},"end":{"line":184,"column":null}}]}},"s":{"0":13,"1":16,"2":16,"3":10,"4":10,"5":10,"6":0,"7":10,"8":0,"9":0,"10":0,"11":0,"12":0,"13":7,"14":7,"15":13,"16":7,"17":7,"18":1,"19":1,"20":4,"21":4,"22":1,"23":1,"24":7,"25":7,"26":1,"27":6,"28":1,"29":7,"30":7,"31":4,"32":7,"33":7,"34":7,"35":7,"36":7,"37":7,"38":7,"39":7,"40":1,"41":1,"42":7,"43":6,"44":6,"45":7,"46":13,"47":0,"48":13,"49":13,"50":0,"51":13,"52":0,"53":0,"54":0,"55":13,"56":5,"57":5,"58":9,"59":13},"f":{"0":16,"1":10,"2":0,"3":7,"4":7,"5":1,"6":4,"7":1,"8":7,"9":0,"10":0,"11":0,"12":0,"13":0,"14":5,"15":9},"b":{"0":[0,10],"1":[10,10],"2":[7],"3":[1,6],"4":[1],"5":[4],"6":[0,7],"7":[0,7],"8":[1],"9":[0,1],"10":[6],"11":[0,6],"12":[5,4]}}
,"/Users/keshav/csvhub/core/server/select/query.ts": {"path":"/Users/keshav/csvhub/core/server/select/query.ts","statementMap":{"0":{"start":{"line":10,"column":35},"end":{"line":10,"column":37}},"1":{"start":{"line":24,"column":8},"end":{"line":24,"column":null}},"2":{"start":{"line":28,"column":26},"end":{"line":28,"column":53}},"3":{"start":{"line":29,"column":8},"end":{"line":30,"column":null}},"4":{"start":{"line":30,"column":12},"end":{"line":30,"column":null}},"5":{"start":{"line":32,"column":8},"end":{"line":32,"column":null}},"6":{"start":{"line":33,"column":8},"end":{"line":33,"column":null}},"7":{"start":{"line":35,"column":8},"end":{"line":35,"column":null}},"8":{"start":{"line":44,"column":8},"end":{"line":45,"column":null}},"9":{"start":{"line":45,"column":12},"end":{"line":45,"column":null}},"10":{"start":{"line":47,"column":8},"end":{"line":47,"column":null}},"11":{"start":{"line":58,"column":8},"end":{"line":58,"column":null}},"12":{"start":{"line":61,"column":8},"end":{"line":66,"column":9}},"13":{"start":{"line":62,"column":12},"end":{"line":63,"column":null}},"14":{"start":{"line":63,"column":16},"end":{"line":63,"column":null}},"15":{"start":{"line":64,"column":12},"end":{"line":65,"column":null}},"16":{"start":{"line":65,"column":16},"end":{"line":65,"column":null}},"17":{"start":{"line":68,"column":8},"end":{"line":68,"column":null}},"18":{"start":{"line":75,"column":8},"end":{"line":75,"column":null}},"19":{"start":{"line":76,"column":8},"end":{"line":76,"column":null}},"20":{"start":{"line":80,"column":8},"end":{"line":85,"column":9}},"21":{"start":{"line":81,"column":12},"end":{"line":84,"column":null}},"22":{"start":{"line":82,"column":16},"end":{"line":82,"column":null}},"23":{"start":{"line":83,"column":17},"end":{"line":84,"column":null}},"24":{"start":{"line":84,"column":16},"end":{"line":84,"column":null}},"25":{"start":{"line":86,"column":8},"end":{"line":86,"column":null}},"26":{"start":{"line":90,"column":8},"end":{"line":91,"column":null}},"27":{"start":{"line":91,"column":12},"end":{"line":91,"column":null}},"28":{"start":{"line":92,"column":8},"end":{"line":93,"column":null}},"29":{"start":{"line":93,"column":12},"end":{"line":93,"column":null}},"30":{"start":{"line":94,"column":8},"end":{"line":94,"column":null}},"31":{"start":{"line":99,"column":8},"end":{"line":100,"column":null}},"32":{"start":{"line":100,"column":12},"end":{"line":100,"column":null}},"33":{"start":{"line":101,"column":8},"end":{"line":101,"column":null}},"34":{"start":{"line":102,"column":8},"end":{"line":102,"column":null}},"35":{"start":{"line":106,"column":8},"end":{"line":107,"column":null}},"36":{"start":{"line":107,"column":12},"end":{"line":107,"column":null}},"37":{"start":{"line":108,"column":8},"end":{"line":108,"column":null}},"38":{"start":{"line":109,"column":8},"end":{"line":109,"column":null}},"39":{"start":{"line":113,"column":8},"end":{"line":114,"column":null}},"40":{"start":{"line":114,"column":12},"end":{"line":114,"column":null}},"41":{"start":{"line":115,"column":8},"end":{"line":115,"column":null}},"42":{"start":{"line":116,"column":8},"end":{"line":116,"column":null}},"43":{"start":{"line":120,"column":8},"end":{"line":121,"column":null}},"44":{"start":{"line":121,"column":12},"end":{"line":121,"column":null}},"45":{"start":{"line":122,"column":8},"end":{"line":122,"column":null}},"46":{"start":{"line":123,"column":8},"end":{"line":123,"column":null}},"47":{"start":{"line":127,"column":8},"end":{"line":127,"column":null}},"48":{"start":{"line":128,"column":8},"end":{"line":128,"column":null}},"49":{"start":{"line":132,"column":8},"end":{"line":132,"column":null}},"50":{"start":{"line":136,"column":8},"end":{"line":136,"column":null}},"51":{"start":{"line":137,"column":8},"end":{"line":137,"column":null}},"52":{"start":{"line":141,"column":8},"end":{"line":141,"column":null}},"53":{"start":{"line":146,"column":31},"end":{"line":146,"column":42}},"54":{"start":{"line":147,"column":8},"end":{"line":148,"column":null}},"55":{"start":{"line":148,"column":12},"end":{"line":148,"column":null}},"56":{"start":{"line":149,"column":8},"end":{"line":150,"column":null}},"57":{"start":{"line":150,"column":12},"end":{"line":150,"column":null}},"58":{"start":{"line":153,"column":8},"end":{"line":153,"column":null}},"59":{"start":{"line":154,"column":8},"end":{"line":154,"column":null}},"60":{"start":{"line":155,"column":8},"end":{"line":155,"column":null}},"61":{"start":{"line":158,"column":8},"end":{"line":158,"column":null}},"62":{"start":{"line":162,"column":8},"end":{"line":166,"column":9}},"63":{"start":{"line":163,"column":12},"end":{"line":163,"column":null}},"64":{"start":{"line":164,"column":12},"end":{"line":164,"column":null}},"65":{"start":{"line":165,"column":12},"end":{"line":165,"column":null}},"66":{"start":{"line":169,"column":8},"end":{"line":175,"column":9}},"67":{"start":{"line":170,"column":12},"end":{"line":170,"column":null}},"68":{"start":{"line":171,"column":12},"end":{"line":171,"column":null}},"69":{"start":{"line":172,"column":12},"end":{"line":172,"column":null}},"70":{"start":{"line":173,"column":12},"end":{"line":174,"column":null}},"71":{"start":{"line":174,"column":16},"end":{"line":174,"column":null}},"72":{"start":{"line":177,"column":8},"end":{"line":177,"column":null}},"73":{"start":{"line":181,"column":8},"end":{"line":184,"column":null}},"74":{"start":{"line":189,"column":23},"end":{"line":189,"column":54}},"75":{"start":{"line":190,"column":8},"end":{"line":190,"column":null}},"76":{"start":{"line":194,"column":23},"end":{"line":194,"column":61}},"77":{"start":{"line":195,"column":8},"end":{"line":195,"column":null}},"78":{"start":{"line":199,"column":23},"end":{"line":199,"column":73}},"79":{"start":{"line":200,"column":23},"end":{"line":200,"column":38}},"80":{"start":{"line":201,"column":8},"end":{"line":203,"column":9}},"81":{"start":{"line":5,"column":0},"end":{"line":5,"column":13}}},"fnMap":{"0":{"name":"(anonymous_0)","decl":{"start":{"line":23,"column":4},"end":{"line":23,"column":16}},"loc":{"start":{"line":23,"column":31},"end":{"line":25,"column":5}}},"1":{"name":"(anonymous_1)","decl":{"start":{"line":27,"column":4},"end":{"line":27,"column":14}},"loc":{"start":{"line":27,"column":33},"end":{"line":36,"column":5}}},"2":{"name":"(anonymous_2)","decl":{"start":{"line":38,"column":4},"end":{"line":38,"column":8}},"loc":{"start":{"line":42,"column":5},"end":{"line":48,"column":5}}},"3":{"name":"(anonymous_3)","decl":{"start":{"line":57,"column":4},"end":{"line":57,"column":12}},"loc":{"start":{"line":57,"column":60},"end":{"line":69,"column":5}}},"4":{"name":"(anonymous_4)","decl":{"start":{"line":74,"column":4},"end":{"line":74,"column":14}},"loc":{"start":{"line":74,"column":30},"end":{"line":77,"column":5}}},"5":{"name":"(anonymous_5)","decl":{"start":{"line":79,"column":4},"end":{"line":79,"column":11}},"loc":{"start":{"line":79,"column":60},"end":{"line":87,"column":5}}},"6":{"name":"(anonymous_6)","decl":{"start":{"line":89,"column":4},"end":{"line":89,"column":17}},"loc":{"start":{"line":89,"column":35},"end":{"line":95,"column":5}}},"7":{"name":"(anonymous_7)","decl":{"start":{"line":98,"column":4},"end":{"line":98,"column":17}},"loc":{"start":{"line":98,"column":30},"end":{"line":103,"column":5}}},"8":{"name":"(anonymous_8)","decl":{"start":{"line":105,"column":4},"end":{"line":105,"column":11}},"loc":{"start":{"line":105,"column":40},"end":{"line":110,"column":5}}},"9":{"name":"(anonymous_9)","decl":{"start":{"line":112,"column":4},"end":{"line":112,"column":11}},"loc":{"start":{"line":112,"column":30},"end":{"line":117,"column":5}}},"10":{"name":"(anonymous_10)","decl":{"start":{"line":119,"column":4},"end":{"line":119,"column":11}},"loc":{"start":{"line":119,"column":30},"end":{"line":124,"column":5}}},"11":{"name":"(anonymous_11)","decl":{"start":{"line":126,"column":4},"end":{"line":126,"column":13}},"loc":{"start":{"line":126,"column":13},"end":{"line":129,"column":5}}},"12":{"name":"(anonymous_12)","decl":{"start":{"line":131,"column":4},"end":{"line":131,"column":20}},"loc":{"start":{"line":131,"column":39},"end":{"line":133,"column":5}}},"13":{"name":"(anonymous_13)","decl":{"start":{"line":135,"column":4},"end":{"line":135,"column":14}},"loc":{"start":{"line":135,"column":14},"end":{"line":138,"column":5}}},"14":{"name":"(anonymous_14)","decl":{"start":{"line":140,"column":4},"end":{"line":140,"column":21}},"loc":{"start":{"line":140,"column":40},"end":{"line":142,"column":5}}},"15":{"name":"(anonymous_15)","decl":{"start":{"line":144,"column":4},"end":{"line":144,"column":12}},"loc":{"start":{"line":144,"column":27},"end":{"line":178,"column":5}}},"16":{"name":"(anonymous_16)","decl":{"start":{"line":180,"column":12},"end":{"line":180,"column":24}},"loc":{"start":{"line":180,"column":70},"end":{"line":185,"column":5}}},"17":{"name":"(anonymous_17)","decl":{"start":{"line":187,"column":4},"end":{"line":187,"column":9}},"loc":{"start":{"line":187,"column":17},"end":{"line":191,"column":5}}},"18":{"name":"(anonymous_18)","decl":{"start":{"line":193,"column":4},"end":{"line":193,"column":9}},"loc":{"start":{"line":193,"column":16},"end":{"line":196,"column":5}}},"19":{"name":"(anonymous_19)","decl":{"start":{"line":198,"column":4},"end":{"line":198,"column":9}},"loc":{"start":{"line":198,"column":90},"end":{"line":206,"column":5}}}},"branchMap":{"0":{"loc":{"start":{"line":29,"column":8},"end":{"line":30,"column":null}},"type":"if","locations":[{"start":{"line":29,"column":8},"end":{"line":30,"column":null}}]},"1":{"loc":{"start":{"line":38,"column":49},"end":{"line":38,"column":57}},"type":"default-arg","locations":[{"start":{"line":38,"column":55},"end":{"line":38,"column":57}}]},"2":{"loc":{"start":{"line":38,"column":59},"end":{"line":38,"column":73}},"type":"default-arg","locations":[{"start":{"line":38,"column":72},"end":{"line":38,"column":73}}]},"3":{"loc":{"start":{"line":44,"column":8},"end":{"line":45,"column":null}},"type":"if","locations":[{"start":{"line":44,"column":8},"end":{"line":45,"column":null}}]},"4":{"loc":{"start":{"line":61,"column":8},"end":{"line":66,"column":9}},"type":"if","locations":[{"start":{"line":61,"column":8},"end":{"line":66,"column":9}}]},"5":{"loc":{"start":{"line":62,"column":12},"end":{"line":63,"column":null}},"type":"if","locations":[{"start":{"line":62,"column":12},"end":{"line":63,"column":null}}]},"6":{"loc":{"start":{"line":81,"column":12},"end":{"line":84,"column":null}},"type":"if","locations":[{"start":{"line":81,"column":12},"end":{"line":84,"column":null}},{"start":{"line":83,"column":17},"end":{"line":84,"column":null}}]},"7":{"loc":{"start":{"line":84,"column":37},"end":{"line":84,"column":95}},"type":"cond-expr","locations":[{"start":{"line":84,"column":58},"end":{"line":84,"column":62}},{"start":{"line":84,"column":65},"end":{"line":84,"column":95}}]},"8":{"loc":{"start":{"line":90,"column":8},"end":{"line":91,"column":null}},"type":"if","locations":[{"start":{"line":90,"column":8},"end":{"line":91,"column":null}}]},"9":{"loc":{"start":{"line":99,"column":8},"end":{"line":100,"column":null}},"type":"if","locations":[{"start":{"line":99,"column":8},"end":{"line":100,"column":null}}]},"10":{"loc":{"start":{"line":106,"column":8},"end":{"line":107,"column":null}},"type":"if","locations":[{"start":{"line":106,"column":8},"end":{"line":107,"column":null}}]},"11":{"loc":{"start":{"line":113,"column":8},"end":{"line":114,"column":null}},"type":"if","locations":[{"start":{"line":113,"column":8},"end":{"line":114,"column":null}}]},"12":{"loc":{"start":{"line":120,"column":8},"end":{"line":121,"column":null}},"type":"if","locations":[{"start":{"line":120,"column":8},"end":{"line":121,"column":null}}]},"13":{"loc":{"start":{"line":144,"column":13},"end":{"line":144,"column":27}},"type":"default-arg","locations":[{"start":{"line":144,"column":22},"end":{"line":144,"column":27}}]},"14":{"loc":{"start":{"line":147,"column":8},"end":{"line":148,"column":null}},"type":"if","locations":[{"start":{"line":147,"column":8},"end":{"line":148,"column":null}}]},"15":{"loc":{"start":{"line":149,"column":8},"end":{"line":150,"column":null}},"type":"if","locations":[{"start":{"line":149,"column":8},"end":{"line":150,"column":null}}]},"16":{"loc":{"start":{"line":153,"column":18},"end":{"line":153,"column":38}},"type":"cond-expr","locations":[{"start":{"line":153,"column":27},"end":{"line":153,"column":33}},{"start":{"line":153,"column":36},"end":{"line":153,"column":38}}]},"17":{"loc":{"start":{"line":154,"column":39},"end":{"line":154,"column":62}},"type":"cond-expr","locations":[{"start":{"line":154,"column":48},"end":{"line":154,"column":55}},{"start":{"line":154,"column":58},"end":{"line":154,"column":62}}]},"18":{"loc":{"start":{"line":155,"column":18},"end":{"line":155,"column":37}},"type":"cond-expr","locations":[{"start":{"line":155,"column":27},"end":{"line":155,"column":31}},{"start":{"line":155,"column":34},"end":{"line":155,"column":37}}]},"19":{"loc":{"start":{"line":158,"column":27},"end":{"line":158,"column":107}},"type":"cond-expr","locations":[{"start":{"line":158,"column":45},"end":{"line":158,"column":84}},{"start":{"line":158,"column":87},"end":{"line":158,"column":107}}]},"20":{"loc":{"start":{"line":162,"column":8},"end":{"line":166,"column":9}},"type":"if","locations":[{"start":{"line":162,"column":8},"end":{"line":166,"column":9}}]},"21":{"loc":{"start":{"line":163,"column":22},"end":{"line":163,"column":41}},"type":"cond-expr","locations":[{"start":{"line":163,"column":31},"end":{"line":163,"column":35}},{"start":{"line":163,"column":38},"end":{"line":163,"column":41}}]},"22":{"loc":{"start":{"line":169,"column":8},"end":{"line":175,"column":9}},"type":"if","locations":[{"start":{"line":169,"column":8},"end":{"line":175,"column":9}}]},"23":{"loc":{"start":{"line":170,"column":22},"end":{"line":170,"column":41}},"type":"cond-expr","locations":[{"start":{"line":170,"column":31},"end":{"line":170,"column":35}},{"start":{"line":170,"column":38},"end":{"line":170,"column":41}}]},"24":{"loc":{"start":{"line":173,"column":12},"end":{"line":174,"column":null}},"type":"if","locations":[{"start":{"line":173,"column":12},"end":{"line":174,"column":null}}]}},"s":{"0":4,"1":4,"2":1,"3":1,"4":1,"5":1,"6":1,"7":1,"8":0,"9":0,"10":0,"11":1,"12":1,"13":1,"14":1,"15":1,"16":1,"17":1,"18":1,"19":1,"20":4,"21":5,"22":3,"23":2,"24":3,"25":4,"26":0,"27":0,"28":0,"29":0,"30":0,"31":0,"32":0,"33":0,"34":0,"35":0,"36":0,"37":0,"38":0,"39":1,"40":1,"41":1,"42":1,"43":1,"44":1,"45":1,"46":1,"47":0,"48":0,"49":0,"50":1,"51":1,"52":0,"53":4,"54":4,"55":1,"56":4,"57":1,"58":4,"59":4,"60":4,"61":4,"62":4,"63":1,"64":1,"65":1,"66":4,"67":1,"68":1,"69":1,"70":1,"71":1,"72":4,"73":0,"74":0,"75":0,"76":0,"77":0,"78":0,"79":0,"80":0,"81":13},"f":{"0":4,"1":1,"2":0,"3":1,"4":1,"5":4,"6":0,"7":0,"8":0,"9":1,"10":1,"11":0,"12":0,"13":1,"14":0,"15":4,"16":0,"17":0,"18":0,"19":0},"b":{"0":[1],"1":[0],"2":[0],"3":[0],"4":[1],"5":[1],"6":[3,2],"7":[1,2],"8":[0],"9":[0],"10":[0],"11":[1],"12":[1],"13":[3],"14":[1],"15":[1],"16":[0,4],"17":[0,4],"18":[0,4],"19":[1,3],"20":[1],"21":[0,1],"22":[1],"23":[0,1],"24":[1]}}
,"/Users/keshav/csvhub/core/server/test/alltypes.ts": {"path":"/Users/keshav/csvhub/core/server/test/alltypes.ts","statementMap":{"0":{"start":{"line":3,"column":0},"end":{"line":3,"column":24}},"1":{"start":{"line":4,"column":18},"end":{"line":4,"column":37}},"2":{"start":{"line":5,"column":19},"end":{"line":5,"column":39}},"3":{"start":{"line":11,"column":4},"end":{"line":47,"column":null}},"4":{"start":{"line":13,"column":8},"end":{"line":13,"column":null}},"5":{"start":{"line":16,"column":8},"end":{"line":16,"column":null}},"6":{"start":{"line":19,"column":8},"end":{"line":19,"column":null}},"7":{"start":{"line":22,"column":8},"end":{"line":22,"column":null}},"8":{"start":{"line":25,"column":8},"end":{"line":25,"column":null}},"9":{"start":{"line":28,"column":8},"end":{"line":28,"column":null}},"10":{"start":{"line":31,"column":8},"end":{"line":31,"column":null}},"11":{"start":{"line":34,"column":8},"end":{"line":34,"column":null}},"12":{"start":{"line":37,"column":8},"end":{"line":37,"column":null}},"13":{"start":{"line":40,"column":8},"end":{"line":40,"column":null}},"14":{"start":{"line":43,"column":8},"end":{"line":43,"column":null}},"15":{"start":{"line":46,"column":8},"end":{"line":46,"column":null}},"16":{"start":{"line":11,"column":10},"end":{"line":47,"column":null}},"17":{"start":{"line":51,"column":4},"end":{"line":51,"column":null}}},"fnMap":{"0":{"name":"default_1","decl":{"start":{"line":3,"column":0},"end":{"line":3,"column":24}},"loc":{"start":{"line":3,"column":36},"end":{"line":52,"column":1}}}},"branchMap":{},"s":{"0":1,"1":1,"2":1,"3":1,"4":1,"5":1,"6":1,"7":1,"8":1,"9":1,"10":1,"11":1,"12":1,"13":1,"14":1,"15":1,"16":1,"17":1},"f":{"0":1},"b":{}}
,"/Users/keshav/csvhub/core/server/test/analytics.ts": {"path":"/Users/keshav/csvhub/core/server/test/analytics.ts","statementMap":{"0":{"start":{"line":3,"column":0},"end":{"line":3,"column":24}},"1":{"start":{"line":4,"column":18},"end":{"line":4,"column":37}},"2":{"start":{"line":5,"column":19},"end":{"line":5,"column":39}},"3":{"start":{"line":12,"column":4},"end":{"line":23,"column":null}},"4":{"start":{"line":14,"column":8},"end":{"line":14,"column":null}},"5":{"start":{"line":17,"column":8},"end":{"line":17,"column":null}},"6":{"start":{"line":22,"column":8},"end":{"line":22,"column":null}},"7":{"start":{"line":12,"column":10},"end":{"line":23,"column":null}},"8":{"start":{"line":28,"column":4},"end":{"line":28,"column":null}},"9":{"start":{"line":28,"column":10},"end":{"line":28,"column":null}},"10":{"start":{"line":36,"column":23},"end":{"line":36,"column":25}},"11":{"start":{"line":37,"column":32},"end":{"line":37,"column":34}},"12":{"start":{"line":39,"column":8},"end":{"line":50,"column":9}},"13":{"start":{"line":39,"column":21},"end":{"line":39,"column":22}},"14":{"start":{"line":40,"column":33},"end":{"line":40,"column":79}},"15":{"start":{"line":41,"column":25},"end":{"line":41,"column":80}},"16":{"start":{"line":42,"column":12},"end":{"line":43,"column":null}},"17":{"start":{"line":43,"column":16},"end":{"line":43,"column":null}},"18":{"start":{"line":45,"column":12},"end":{"line":49,"column":null}},"19":{"start":{"line":51,"column":8},"end":{"line":51,"column":null}},"20":{"start":{"line":55,"column":8},"end":{"line":55,"column":null}},"21":{"start":{"line":58,"column":4},"end":{"line":58,"column":null}}},"fnMap":{"0":{"name":"default_1","decl":{"start":{"line":3,"column":0},"end":{"line":3,"column":24}},"loc":{"start":{"line":3,"column":36},"end":{"line":59,"column":1}}},"1":{"name":"generatePageVisits","decl":{"start":{"line":30,"column":13},"end":{"line":30,"column":31}},"loc":{"start":{"line":35,"column":5},"end":{"line":52,"column":5}}},"2":{"name":"randomValue","decl":{"start":{"line":54,"column":13},"end":{"line":54,"column":24}},"loc":{"start":{"line":54,"column":37},"end":{"line":56,"column":5}}}},"branchMap":{"0":{"loc":{"start":{"line":30,"column":34},"end":{"line":30,"column":47}},"type":"default-arg","locations":[{"start":{"line":30,"column":45},"end":{"line":30,"column":47}}]},"1":{"loc":{"start":{"line":30,"column":49},"end":{"line":30,"column":61}},"type":"default-arg","locations":[{"start":{"line":30,"column":57},"end":{"line":30,"column":61}}]},"2":{"loc":{"start":{"line":30,"column":63},"end":{"line":30,"column":79}},"type":"default-arg","locations":[{"start":{"line":30,"column":76},"end":{"line":30,"column":79}}]},"3":{"loc":{"start":{"line":30,"column":81},"end":{"line":30,"column":93}},"type":"default-arg","locations":[{"start":{"line":30,"column":88},"end":{"line":30,"column":93}}]},"4":{"loc":{"start":{"line":40,"column":33},"end":{"line":40,"column":79}},"type":"binary-expr","locations":[{"start":{"line":40,
[...]
67,"column":4},"end":{"line":67,"column":null}},"33":{"start":{"line":75,"column":4},"end":{"line":82,"column":null}},"34":{"start":{"line":76,"column":8},"end":{"line":81,"column":null}},"35":{"start":{"line":77,"column":27},"end":{"line":77,"column":44}},"36":{"start":{"line":78,"column":12},"end":{"line":79,"column":null}},"37":{"start":{"line":79,"column":16},"end":{"line":79,"column":null}},"38":{"start":{"line":80,"column":12},"end":{"line":80,"column":null}},"39":{"start":{"line":86,"column":4},"end":{"line":88,"column":null}},"40":{"start":{"line":87,"column":8},"end":{"line":87,"column":null}},"41":{"start":{"line":87,"column":34},"end":{"line":87,"column":50}},"42":{"start":{"line":92,"column":4},"end":{"line":92,"column":null}},"43":{"start":{"line":97,"column":4},"end":{"line":106,"column":null}},"44":{"start":{"line":100,"column":8},"end":{"line":105,"column":null}},"45":{"start":{"line":101,"column":27},"end":{"line":101,"column":44}},"46":{"start":{"line":102,"column":12},"end":{"line":103,"column":null}},"47":{"start":{"line":103,"column":16},"end":{"line":103,"column":null}},"48":{"start":{"line":104,"column":12},"end":{"line":104,"column":null}},"49":{"start":{"line":110,"column":4},"end":{"line":112,"column":null}},"50":{"start":{"line":111,"column":8},"end":{"line":111,"column":null}},"51":{"start":{"line":111,"column":34},"end":{"line":111,"column":62}},"52":{"start":{"line":116,"column":4},"end":{"line":120,"column":5}},"53":{"start":{"line":117,"column":8},"end":{"line":119,"column":null}},"54":{"start":{"line":118,"column":12},"end":{"line":118,"column":null}},"55":{"start":{"line":119,"column":13},"end":{"line":119,"column":null}},"56":{"start":{"line":121,"column":4},"end":{"line":124,"column":null}},"57":{"start":{"line":122,"column":8},"end":{"line":122,"column":null}},"58":{"start":{"line":124,"column":9},"end":{"line":124,"column":null}},"59":{"start":{"line":134,"column":18},"end":{"line":134,"column":43}},"60":{"start":{"line":135,"column":18},"end":{"line":135,"column":56}},"61":{"start":{"line":136,"column":18},"end":{"line":136,"column":61}},"62":{"start":{"line":138,"column":4},"end":{"line":152,"column":null}},"63":{"start":{"line":141,"column":8},"end":{"line":151,"column":null}},"64":{"start":{"line":142,"column":12},"end":{"line":150,"column":13}},"65":{"start":{"line":143,"column":31},"end":{"line":143,"column":44}},"66":{"start":{"line":144,"column":16},"end":{"line":145,"column":null}},"67":{"start":{"line":145,"column":20},"end":{"line":145,"column":null}},"68":{"start":{"line":146,"column":16},"end":{"line":146,"column":null}},"69":{"start":{"line":149,"column":16},"end":{"line":149,"column":null}},"70":{"start":{"line":156,"column":4},"end":{"line":158,"column":null}},"71":{"start":{"line":157,"column":8},"end":{"line":157,"column":null}},"72":{"start":{"line":157,"column":34},"end":{"line":157,"column":50}}},"fnMap":{"0":{"name":"stringToInteger","decl":{"start":{"line":30,"column":16},"end":{"line":30,"column":31}},"loc":{"start":{"line":30,"column":71},"end":{"line":58,"column":1}}},"1":{"name":"(anonymous_1)","decl":{"start":{"line":35,"column":11},"end":{"line":35,"column":20}},"loc":{"start":{"line":35,"column":41},"end":{"line":57,"column":5}}},"2":{"name":"(anonymous_2)","decl":{"start":{"line":39,"column":15},"end":{"line":39,"column":24}},"loc":{"start":{"line":39,"column":37},"end":{"line":56,"column":9}}},"3":{"name":"integerToString","decl":{"start":{"line":60,"column":16},"end":{"line":60,"column":31}},"loc":{"start":{"line":60,"column":31},"end":{"line":64,"column":1}}},"4":{"name":"(anonymous_4)","decl":{"start":{"line":61,"column":11},"end":{"line":61,"column":21}},"loc":{"start":{"line":61,"column":42},"end":{"line":63,"column":5}}},"5":{"name":"(anonymous_5)","decl":{"start":{"line":62,"column":15},"end":{"line":62,"column":16}},"loc":{"start":{"line":62,"column":43},"end":{"line":62,"column":59}}},"6":{"name":"integerTypeDefinition","decl":{"start":{"line":66,"column":16},"end":{"line":66,"column":37}},"loc":{"start":{"line":66,"column":61},"end":{"line":68,"column":1}}},"7":{"name":"stringToFloat","decl":{"start":{"line":74,"column":16},"end":{"line":74,"column":29}},"loc":{"start":{"line":74,"column":29},"end":{"line":83,"column":1}}},"8":{"name":"(anonymous_8)","decl":{"start":{"line":75,"column":11},"end":{"line":75,"column":null}},"loc":{"start":{"line":75,"column":11},"end":{"line":82,"column":5}}},"9":{"name":"(anonymous_9)","decl":{"start":{"line":76,"column":15},"end":{"line":76,"column":24}},"loc":{"start":{"line":76,"column":37},"end":{"line":81,"column":9}}},"10":{"name":"floatToString","decl":{"start":{"line":85,"column":16},"end":{"line":85,"column":29}},"loc":{"start":{"line":85,"column":29},"end":{"line":89,"column":1}}},"11":{"name":"(anonymous_11)","decl":{"start":{"line":86,"column":11},"end":{"line":86,"column":null}},"loc":{"start":{"line":86,"column":11},"end":{"line":88,"column":5}}},"12":{"name":"(anonymous_12)","decl":{"start":{"line":87,"column":15},"end":{"line":87,"column":16}},"loc":{"start":{"line":87,"column":34},"end":{"line":87,"column":50}}},"13":{"name":"floatTypeDefinition","decl":{"start":{"line":91,"column":16},"end":{"line":91,"column":35}},"loc":{"start":{"line":91,"column":57},"end":{"line":93,"column":1}}},"14":{"name":"stringToDecimal","decl":{"start":{"line":95,"column":16},"end":{"line":95,"column":31}},"loc":{"start":{"line":95,"column":31},"end":{"line":107,"column":1}}},"15":{"name":"(anonymous_15)","decl":{"start":{"line":97,"column":11},"end":{"line":97,"column":20}},"loc":{"start":{"line":97,"column":42},"end":{"line":106,"column":5}}},"16":{"name":"(anonymous_16)","decl":{"start":{"line":100,"column":15},"end":{"line":100,"column":24}},"loc":{"start":{"line":100,"column":37},"end":{"line":105,"column":9}}},"17":{"name":"decimalToString","decl":{"start":{"line":109,"column":16},"end":{"line":109,"column":31}},"loc":{"start":{"line":109,"column":31},"end":{"line":113,"column":1}}},"18":{"name":"(anonymous_18)","decl":{"start":{"line":110,"column":11},"end":{"line":110,"column":20}},"loc":{"start":{"line":110,"column":42},"end":{"line":112,"column":5}}},"19":{"name":"(anonymous_19)","decl":{"start":{"line":111,"column":15},"end":{"line":111,"column":16}},"loc":{"start":{"line":111,"column":34},"end":{"line":111,"column":62}}},"20":{"name":"decimalTypeDefinition","decl":{"start":{"line":115,"column":16},"end":{"line":115,"column":37}},"loc":{"start":{"line":115,"column":85},"end":{"line":125,"column":1}}},"21":{"name":"stringToBigInt","decl":{"start":{"line":133,"column":16},"end":{"line":133,"column":30}},"loc":{"start":{"line":133,"column":70},"end":{"line":153,"column":1}}},"22":{"name":"(anonymous_22)","decl":{"start":{"line":138,"column":11},"end":{"line":138,"column":21}},"loc":{"start":{"line":138,"column":42},"end":{"line":152,"column":5}}},"23":{"name":"(anonymous_23)","decl":{"start":{"line":141,"column":15},"end":{"line":141,"column":24}},"loc":{"start":{"line":141,"column":37},"end":{"line":151,"column":9}}},"24":{"name":"bigIntToString","decl":{"start":{"line":155,"column":16},"end":{"line":155,"column":30}},"loc":{"start":{"line":155,"column":30},"end":{"line":159,"column":1}}},"25":{"name":"(anonymous_25)","decl":{"start":{"line":156,"column":11},"end":{"line":156,"column":20}},"loc":{"start":{"line":156,"column":41},"end":{"line":158,"column":5}}},"26":{"name":"(anonymous_26)","decl":{"start":{"line":157,"column":15},"end":{"line":157,"column":16}},"loc":{"start":{"line":157,"column":34},"end":{"line":157,"column":50}}}},"branchMap":{"0":{"loc":{"start":{"line":30,"column":46},"end":{"line":30,"column":71}},"type":"default-arg","locations":[{"start":{"line":30,"column":66},"end":{"line":30,"column":71}}]},"1":{"loc":{"start":{"line":32,"column":18},"end":{"line":32,"column":48}},"type":"cond-expr","locations":[{"start":{"line":32,"column":29},"end":{"line":32,"column":34}},{"start":{"line":32,"column":38},"end":{"line":32,"column":47}}]},"2":{"loc":{"start":{"line":33,"column":18},"end":{"line":33,"column":45}},"type":"cond-expr","locations":[{"start":{"line":33,"column":29},"end":{"line":33,"column":30}},{"start":{"line":33,"column":34},"end":{"line":33,"column":44}}]},"3":{"loc":{"start":{"line":36,"column":27},"end":{"line":36,"column":77}},"type":"cond-expr","locations":[{"start":{"line":36,"column":45},"end":{"line":36,"column":69}},{"start":{"line":36,"column":72},"end":{"line":36,"column":77}}]},"4":{"loc":{"start":{"line":37,"column":27},"end":{"line":37,"column":77}},"type":"cond-expr","locations":[{"start":{"line":37,"column":45},"end":{"line":37,"column":69}},{"start":{"line":37,"column":72},"end":{"line":37,"column":77}}]},"5":{"loc":{"start":{"line":41,"column":12},"end":{"line":42,"column":null}},"type":"if","locations":[{"start":{"line":41,"column":12},"end":{"line":42,"column":null}}]},"6":{"loc":{"start":{"line":45,"column":12},"end":{"line":46,"column":null}},"type":"if","locations":[{"start":{"line":45,"column":12},"end":{"line":46,"column":null}}]},"7":{"loc":{"start":{"line":45,"column":16},"end":{"line":45,"column":44}},"type":"binary-expr","locations":[{"start":{"line":45,"column":16},"end":{"line":45,"column":30}},{"start":{"line":45,"column":34},"end":{"line":45,"column":44}}]},"8":{"loc":{"start":{"line":49,"column":12},"end":{"line":50,"column":null}},"type":"if","locations":[{"start":{"line":49,"column":12},"end":{"line":50,"column":null}}]},"9":{"loc":{"start":{"line":51,"column":12},"end":{"line":52,"column":null}},"type":"if","locations":[{"start":{"line":51,"column":12},"end":{"line":52,"column":null}}]},"10":{"loc":{"start":{"line":78,"column":12},"end":{"line":79,"column":null}},"type":"if","locations":[{"start":{"line":78,"column":12},"end":{"line":79,"column":null}}]},"11":{"loc":{"start":{"line":102,"column":12},"end":{"line":103,"column":null}},"type":"if","locations":[{"start":{"line":102,"column":12},"end":{"line":103,"column":null}}]},"12":{"loc":{"start":{"line":116,"column":4},"end":{"line":120,"column":5}},"type":"if","locations":[{"start":{"line":116,"column":4},"end":{"line":120,"column":5}}]},"13":{"loc":{"start":{"line":117,"column":8},"end":{"line":119,"column":null}},"type":"if","locations":[{"start":{"line":117,"column":8},"end":{"line":119,"column":null}},{"start":{"line":119,"column":13},"end":{"line":119,"column":null}}]},"14":{"loc":{"start":{"line":118,"column":51},"end":{"line":118,"column":95}},"type":"cond-expr","locations":[{"start":{"line":118,"column":72},"end":{"line":118,"column":88}},{"start":{"line":118,"column":92},"end":{"line":118,"column":95}}]},"15":{"loc":{"start":{"line":121,"column":4},"end":{"line":124,"column":null}},"type":"if","locations":[{"start":{"line":121,"column":4},"end":{"line":124,"column":null}},{"start":{"line":124,"column":9},"end":{"line":124,"column":null}}]},"16":{"loc":{"start":{"line":133,"column":45},"end":{"line":133,"column":70}},"type":"default-arg","locations":[{"start":{"line":133,"column":65},"end":{"line":133,"column":70}}]},"17":{"loc":{"start":{"line":135,"column":18},"end":{"line":135,"column":56}},"type":"cond-expr","locations":[{"start":{"line":135,"column":29},"end":{"line":135,"column":34}},{"start":{"line":135,"column":38},"end":{"line":135,"column":55}}]},"18":{"loc":{"start":{"line":136,"column":18},"end":{"line":136,"column":61}},"type":"cond-expr","locations":[{"start":{"line":136,"column":29},"end":{"line":136,"column":38}},{"start":{"line":136,"column":42},"end":{"line":136,"column":60}}]},"19":{"loc":{"start":{"line":144,"column":16},"end":{"line":145,"column":null}},"type":"if","locations":[{"start":{"line":144,"column":16},"end":{"line":145,"column":null}}]}},"s":{"0":16,"1":16,"2":16,"3":16,"4":16,"5":16,"6":16,"7":16,"8":16,"9":16,"10":16,"11":16,"12":92,"13":92,"14":92,"15":92,"16":14,"17":14,"18":14,"19":10,"20":10,"21":2,"22":8,"23":0,"24":8,"25":0,"26":8,"27":2,"28":6,"29":0,"30":0,"31":0,"32":0,"33":45,"34":3,"35":0,"36":0,"37":0,"38":0,"39":0,"40":0,"41":0,"42":0,"43":150,"44":0,"45":0,"46":0,"47":0,"48":0,"49":0,"50":0,"51":0,"52":0,"53":0,"54":0,"55":0,"56":0,"57":0,"58":0,"59":180,"60":180,"61":180,"62":180,"63":4,"64":0,"65":0,"66":0,"67":0,"68":0,"69":0,"70":90,"71":2,"72":0},"f":{"0":92,"1":14,"2":10,"3":0,"4":0,"5":0,"6":0,"7":45,"8":3,"9":0,"10":0,"11":0,"12":0,"13":0,"14":150,"15":0,"16":0,"17":0,"18":0,"19":0,"20":0,"21":180,"22":4,"23":0,"24":90,"25":2,"26":0},"b":{"0":[46],"1":[46,46],"2":[46,46],"3":[0,14],"4":[0,14],"5":[2],"6":[0],"7":[8,0],"8":[0],"9":[2],"10":[0],"11":[0],"12":[0],"13":[0,0],"14":[0,0],"15":[0,0],"16":[135],"17":[45,135],"18":[45,135],"19":[0]}}
,"/Users/keshav/csvhub/core/transform/type/string.ts": {"path":"/Users/keshav/csvhub/core/transform/type/string.ts","statementMap":{"0":{"start":{"line":13,"column":0},"end":{"line":13,"column":16}},"1":{"start":{"line":30,"column":0},"end":{"line":30,"column":16}},"2":{"start":{"line":35,"column":0},"end":{"line":35,"column":16}},"3":{"start":{"line":41,"column":0},"end":{"line":41,"column":16}},"4":{"start":{"line":48,"column":0},"end":{"line":48,"column":16}},"5":{"start":{"line":15,"column":4},"end":{"line":27,"column":null}},"6":{"start":{"line":17,"column":8},"end":{"line":23,"column":9}},"7":{"start":{"line":18,"column":12},"end":{"line":22,"column":null}},"8":{"start":{"line":19,"column":16},"end":{"line":20,"column":null}},"9":{"start":{"line":20,"column":20},"end":{"line":20,"column":null}},"10":{"start":{"line":21,"column":16},"end":{"line":21,"column":null}},"11":{"start":{"line":26,"column":8},"end":{"line":26,"column":null}},"12":{"start":{"line":26,"column":34},"end":{"line":26,"column":39}},"13":{"start":{"line":31,"column":19},"end":{"line":31,"column":104}},"14":{"start":{"line":32,"column":4},"end":{"line":32,"column":null}},"15":{"start":{"line":36,"column":4},"end":{"line":38,"column":null}},"16":{"start":{"line":37,"column":8},"end":{"line":37,"column":null}},"17":{"start":{"line":37,"column":34},"end":{"line":37,"column":68}},"18":{"start":{"line":42,"column":4},"end":{"line":45,"column":null}},"19":{"start":{"line":44,"column":8},"end":{"line":44,"column":null}},"20":{"start":{"line":44,"column":34},"end":{"line":44,"column":39}},"21":{"start":{"line":49,"column":4},"end":{"line":52,"column":null}},"22":{"start":{"line":51,"column":8},"end":{"line":51,"column":null}},"23":{"start":{"line":51,"column":34},"end":{"line":51,"column":39}}},"fnMap":{"0":{"name":"stringToString","decl":{"start":{"line":13,"column":16},"end":{"line":13,"column":30}},"loc":{"start":{"line":13,"column":44},"end":{"line":28,"column":1}}},"1":{"name":"(anonymous_1)","decl":{"start":{"line":15,"column":11},"end":{"line":15,"column":20}},"loc":{"start":{"line":15,"column":41},"end":{"line":27,"column":5}}},"2":{"name":"(anonymous_2)","decl":{"start":{"line":18,"column":19},"end":{"line":18,"column":29}},"loc":{"start":{"line":18,"column":42},"end":{"line":22,"column":13}}},"3":{"name":"(anonymous_3)","decl":{"start":{"line":26,"column":15},"end":{"line":26,"column":16}},"loc":{"start":{"line":26,"column":34},"end":{"line":26,"column":39}}},"4":{"name":"stringTypeDefinition","decl":{"start":{"line":30,"column":16},"end":{"line":30,"column":36}},"loc":{"start":{"line":30,"column":82},"end":{"line":33,"column":1}}},"5":{"name":"stringToCSV","decl":{"start":{"line":35,"column":16},"end":{"line":35,"column":27}},"loc":{"start":{"line":35,"column":27},"end":{"line":39,"column":1}}},"6":{"name":"(anonymous_6)","decl":{"start":{"line":36,"column":11},"end":{"line":36,"column":null}},"loc":{"start":{"line":36,"column":11},"end":{"line":38,"column":5}}},"7":{"name":"(anonymous_7)","decl":{"start":{"line":37,"column":15},"end":{"line":37,"column":16}},"loc":{"start":{"line":37,"column":34},"end":{"line":37,"column":68}}},"8":{"name":"stringToUUID","decl":{"start":{"line":41,"column":16},"end":{"line":41,"column":28}},"loc":{"start":{"line":41,"column":28},"end":{"line":46,"column":1}}},"9":{"name":"(anonymous_9)","decl":{"start":{"line":42,"column":11},"end":{"line":42,"column":null}},"loc":{"start":{"line":42,"column":11},"end":{"line":45,"column":5}}},"10":{"name":"(anonymous_10)","decl":{"start":{"line":44,"column":15},"end":{"line":44,"column":16}},"loc":{"start":{"line":44,"column":34},"end":{"line":44,"column":39}}},"11":{"name":"stringToIP","decl":{"start":{"line":48,"column":16},"end":{"line":48,"column":26}},"loc":{"start":{"line":48,"column":37},"end":{"line":53,"column":1}}},"12":{"name":"(anonymous_12)","decl":{"start":{"line":49,"column":11},"end":{"line":49,"column":null}},"loc":{"start":{"line":49,"column":11},"end":{"line":52,"column":5}}},"13":{"name":"(anonymous_13)","decl":{"start":{"line":51,"column":15},"end":{"line":51,"column":16}},"loc":{"start":{"line":51,"column":34},"end":{"line":51,"column":39}}}},"branchMap":{"0":{"loc":{"start":{"line":13,"column":31},"end":{"line":13,"column":44}},"type":"default-arg","locations":[{"start":{"line":13,"column":39},"end":{"line":13,"column":44}}]},"1":{"loc":{"start":{"line":17,"column":8},"end":{"line":23,"column":9}},"type":"if","locations":[{"start":{"line":17,"column":8},"end":{"line":23,"column":9}}]},"2":{"loc":{"start":{"line":17,"column":12},"end":{"line":17,"column":31}},"type":"binary-expr","locations":[{"start":{"line":17,"column":12},"end":{"line":17,"column":17}},{"start":{"line":17,"column":21},"end":{"line":17,"column":31}}]},"3":{"loc":{"start":{"line":19,"column":16},"end":{"line":20,"column":null}},"type":"if","locations":[{"start":{"line":19,"column":16},"end":{"line":20,"column":null}}]},"4":{"loc":{"start":{"line":31,"column":19},"end":{"line":31,"column":104}},"type":"cond-expr","locations":[{"start":{"line":31,"column":67},"end":{"line":31,"column":97}},{"start":{"line":31,"column":100},"end":{"line":31,"column":104}}]},"5":{"loc":{"start":{"line":31,"column":20},"end":{"line":31,"column":63}},"type":"binary-expr","locations":[{"start":{"line":31,"column":20},"end":{"line":31,"column":41}},{"start":{"line":31,"column":45},"end":{"line":31,"column":63}}]},"6":{"loc":{"start":{"line":32,"column":11},"end":{"line":32,"column":70}},"type":"cond-expr","locations":[{"start":{"line":32,"column":32},"end":{"line":32,"column":61}},{"start":{"line":32,"column":64},"end":{"line":32,"column":70}}]},"7":{"loc":{"start":{"line":48,"column":27},"end":{"line":48,"column":37}},"type":"default-arg","locations":[{"start":{"line":48,"column":32},"end":{"line":48,"column":37}}]}},"s":{"0":15,"1":15,"2":15,"3":15,"4":15,"5":60,"6":14,"7":0,"8":0,"9":0,"10":0,"11":14,"12":2,"13":1,"14":1,"15":0,"16":0,"17":0,"18":30,"19":14,"20":0,"21":60,"22":0,"23":0},"f":{"0":60,"1":14,"2":0,"3":2,"4":1,"5":0,"6":0,"7":0,"8":30,"9":14,"10":0,"11":60,"12":0,"13":0},"b":{"0":[30],"1":[0],"2":[14,0],"3":[0],"4":[0,1],"5":[1,0],"6":[1,0],"7":[30]}}
,"/Users/keshav/csvhub/core/transform/type/util.ts": {"path":"/Users/keshav/csvhub/core/transform/type/util.ts","statementMap":{"0":{"start":{"line":7,"column":0},"end":{"line":7,"column":16}},"1":{"start":{"line":8,"column":18},"end":{"line":8,"column":63}},"2":{"start":{"line":9,"column":17},"end":{"line":9,"column":55}},"3":{"start":{"line":10,"column":4},"end":{"line":10,"column":null}}},"fnMap":{"0":{"name":"parseSpecification","decl":{"start":{"line":7,"column":16},"end":{"line":7,"column":34}},"loc":{"start":{"line":7,"column":111},"end":{"line":11,"column":1}}}},"branchMap":{"0":{"loc":{"start":{"line":8,"column":18},"end":{"line":8,"column":63}},"type":"cond-expr","locations":[{"start":{"line":8,"column":47},"end":{"line":8,"column":51}},{"start":{"line":8,"column":54},"end":{"line":8,"column":63}}]},"1":{"loc":{"start":{"line":9,"column":17},"end":{"line":9,"column":55}},"type":"cond-expr","locations":[{"start":{"line":9,"column":46},"end":{"line":9,"column":48}},{"start":{"line":9,"column":51},"end":{"line":9,"column":55}}]}},"s":{"0":15,"1":13,"2":13,"3":13},"f":{"0":13},"b":{"0":[13,0],"1":[13,0]}}
}
